POST_CHECKS_EXIT 0
column_name
target_datetime
(1 row)
column_name
parent_datetime
(1 row)
target_type_null_count
0
(1 row)
target_type_general_count
2
(1 row)
conname|def
(0 rows)
conname|def
alerts_trigger_status_check|CHECK (((trigger_status)::text = ANY ((ARRAY['untriggered'::character varying, 'triggered_unread'::character varying, 'triggered_read'::character varying])::text[])))
(1 row)
conname|def
notes_parent_type_check|CHECK (((parent_type)::text = ANY (ARRAY[('trade'::character varying)::text, ('trade_plan'::character varying)::text, ('ticker'::character varying)::text, ('account'::character varying)::text, ('general'::character varying)::text])))
(1 row)
---STDERR---

