2025-11-03 21:40:58,071 - cache - INFO - Cache disabled - skipping set for key: services.ticker_service.get_all:7600be399f1abe774f2c4d8f8104c63b
2025-11-03 21:41:02,260 - cache - INFO - Cache disabled - skipping set for key: services.ticker_service.get_all:204bf0fc423d19348541239dfa49aa93
2025-11-03 21:42:43,009 - cache - INFO - Cache disabled - skipping set for key: routes.api.currencies.get_currencies:11e7903cf562f028d788fc601ffc9a04
2025-11-03 21:42:43,011 - cache - INFO - Cache disabled - skipping set for key: routes.api.currencies.get_currencies:11e7903cf562f028d788fc601ffc9a04
2025-11-03 21:42:43,163 - cache - INFO - Cache disabled - skipping set for key: routes.api.account_activity.get_account_balances:6256528f092a1e0a2e9bbb03f1e62dcc
2025-11-03 21:42:43,166 - cache - INFO - Cache disabled - skipping set for key: routes.api.account_activity.get_account_balances:90dc193c2f0d8ec8e255be2ee827707f
2025-11-03 21:42:43,166 - cache - INFO - Cache disabled - skipping set for key: routes.api.account_activity.get_account_balances:9d4fa9d7bf2f466b6f6050acd4139935
2025-11-03 21:42:43,212 - cache - INFO - Cache disabled - skipping set for key: routes.api.account_activity.get_account_balances:9d4fa9d7bf2f466b6f6050acd4139935
2025-11-03 21:42:43,214 - cache - INFO - Cache disabled - skipping set for key: routes.api.account_activity.get_account_activity:6256528f092a1e0a2e9bbb03f1e62dcc
2025-11-03 21:42:43,228 - cache - INFO - Cache disabled - skipping set for key: routes.api.account_activity.get_account_balances:90dc193c2f0d8ec8e255be2ee827707f
2025-11-03 21:42:43,229 - cache - INFO - Cache disabled - skipping set for key: routes.api.account_activity.get_account_balances:6256528f092a1e0a2e9bbb03f1e62dcc
2025-11-03 21:42:43,257 - cache - INFO - Cache disabled - skipping set for key: routes.api.account_activity.get_account_balances:9d4fa9d7bf2f466b6f6050acd4139935
2025-11-03 21:42:43,259 - cache - INFO - Cache disabled - skipping set for key: routes.api.account_activity.get_account_balances:90dc193c2f0d8ec8e255be2ee827707f
2025-11-03 21:42:43,263 - cache - INFO - Cache disabled - skipping set for key: routes.api.account_activity.get_account_balances:6256528f092a1e0a2e9bbb03f1e62dcc
2025-11-03 21:42:44,588 - cache - INFO - Cache disabled - skipping set for key: routes.api.account_activity.get_account_balances:90dc193c2f0d8ec8e255be2ee827707f
2025-11-03 21:42:44,595 - cache - INFO - Cache disabled - skipping set for key: routes.api.account_activity.get_account_balances:6256528f092a1e0a2e9bbb03f1e62dcc
2025-11-03 21:42:44,596 - cache - INFO - Cache disabled - skipping set for key: routes.api.account_activity.get_account_balances:9d4fa9d7bf2f466b6f6050acd4139935
2025-11-03 21:42:44,666 - cache - INFO - Cache disabled - skipping set for key: routes.api.account_activity.get_account_activity:6256528f092a1e0a2e9bbb03f1e62dcc
2025-11-03 21:42:44,667 - cache - INFO - Cache disabled - skipping set for key: routes.api.account_activity.get_account_balances:9d4fa9d7bf2f466b6f6050acd4139935
2025-11-03 21:42:44,669 - cache - INFO - Cache disabled - skipping set for key: routes.api.account_activity.get_account_balances:90dc193c2f0d8ec8e255be2ee827707f
2025-11-03 21:42:44,670 - cache - INFO - Cache disabled - skipping set for key: routes.api.account_activity.get_account_balances:6256528f092a1e0a2e9bbb03f1e62dcc
2025-11-03 21:42:44,700 - cache - INFO - Cache disabled - skipping set for key: routes.api.account_activity.get_account_balances:90dc193c2f0d8ec8e255be2ee827707f
2025-11-03 21:42:44,707 - cache - INFO - Cache disabled - skipping set for key: routes.api.account_activity.get_account_balances:9d4fa9d7bf2f466b6f6050acd4139935
2025-11-03 21:42:44,708 - cache - INFO - Cache disabled - skipping set for key: routes.api.account_activity.get_account_balances:6256528f092a1e0a2e9bbb03f1e62dcc
2025-11-03 21:42:44,733 - cache - INFO - Cache disabled - skipping set for key: routes.api.account_activity.get_account_activity:6256528f092a1e0a2e9bbb03f1e62dcc
2025-11-03 21:42:44,855 - cache - INFO - Cache disabled - skipping set for key: routes.api.positions.get_account_positions:6256528f092a1e0a2e9bbb03f1e62dcc
2025-11-03 21:42:44,867 - cache - INFO - Cache disabled - skipping set for key: routes.api.account_activity.get_account_balances:6256528f092a1e0a2e9bbb03f1e62dcc
2025-11-03 21:42:45,043 - cache - INFO - Cache disabled - skipping set for key: routes.api.account_activity.get_account_balances:6256528f092a1e0a2e9bbb03f1e62dcc
2025-11-03 21:42:45,045 - cache - INFO - Cache disabled - skipping set for key: routes.api.account_activity.get_account_balances:90dc193c2f0d8ec8e255be2ee827707f
2025-11-03 21:42:45,046 - cache - INFO - Cache disabled - skipping set for key: routes.api.account_activity.get_account_balances:9d4fa9d7bf2f466b6f6050acd4139935
2025-11-03 21:42:45,101 - cache - INFO - Cache disabled - skipping set for key: routes.api.account_activity.get_account_balances:9d4fa9d7bf2f466b6f6050acd4139935
2025-11-03 21:42:45,104 - cache - INFO - Cache disabled - skipping set for key: routes.api.account_activity.get_account_activity:6256528f092a1e0a2e9bbb03f1e62dcc
2025-11-03 21:42:45,105 - cache - INFO - Cache disabled - skipping set for key: routes.api.account_activity.get_account_balances:90dc193c2f0d8ec8e255be2ee827707f
2025-11-03 21:42:45,109 - cache - INFO - Cache disabled - skipping set for key: routes.api.account_activity.get_account_balances:6256528f092a1e0a2e9bbb03f1e62dcc
2025-11-03 21:42:45,144 - cache - INFO - Cache disabled - skipping set for key: routes.api.account_activity.get_account_balances:9d4fa9d7bf2f466b6f6050acd4139935
2025-11-03 21:42:45,154 - cache - INFO - Cache disabled - skipping set for key: routes.api.account_activity.get_account_balances:90dc193c2f0d8ec8e255be2ee827707f
2025-11-03 21:42:45,154 - cache - INFO - Cache disabled - skipping set for key: routes.api.account_activity.get_account_balances:6256528f092a1e0a2e9bbb03f1e62dcc
2025-11-03 21:42:45,248 - cache - INFO - Cache disabled - skipping set for key: routes.api.positions.get_portfolio:11e7903cf562f028d788fc601ffc9a04
2025-11-03 21:42:45,602 - cache - INFO - Cache disabled - skipping set for key: routes.api.positions.get_portfolio_summary:11e7903cf562f028d788fc601ffc9a04
2025-11-03 21:42:45,629 - cache - INFO - Cache disabled - skipping set for key: routes.api.account_activity.get_account_balances:9d4fa9d7bf2f466b6f6050acd4139935
2025-11-03 21:42:45,634 - cache - INFO - Cache disabled - skipping set for key: routes.api.account_activity.get_account_balances:6256528f092a1e0a2e9bbb03f1e62dcc
2025-11-03 21:42:45,635 - cache - INFO - Cache disabled - skipping set for key: routes.api.account_activity.get_account_balances:90dc193c2f0d8ec8e255be2ee827707f
2025-11-03 21:42:45,659 - cache - INFO - Cache disabled - skipping set for key: routes.api.account_activity.get_account_balances:6256528f092a1e0a2e9bbb03f1e62dcc
2025-11-03 21:42:45,668 - cache - INFO - Cache disabled - skipping set for key: routes.api.account_activity.get_account_activity:6256528f092a1e0a2e9bbb03f1e62dcc
2025-11-03 21:42:45,669 - cache - INFO - Cache disabled - skipping set for key: routes.api.account_activity.get_account_balances:9d4fa9d7bf2f466b6f6050acd4139935
2025-11-03 21:42:45,671 - cache - INFO - Cache disabled - skipping set for key: routes.api.account_activity.get_account_balances:90dc193c2f0d8ec8e255be2ee827707f
2025-11-03 21:42:45,698 - cache - INFO - Cache disabled - skipping set for key: routes.api.account_activity.get_account_balances:6256528f092a1e0a2e9bbb03f1e62dcc
2025-11-03 21:42:45,704 - cache - INFO - Cache disabled - skipping set for key: routes.api.account_activity.get_account_balances:9d4fa9d7bf2f466b6f6050acd4139935
2025-11-03 21:42:45,705 - cache - INFO - Cache disabled - skipping set for key: routes.api.account_activity.get_account_balances:90dc193c2f0d8ec8e255be2ee827707f
2025-11-03 21:42:45,737 - cache - INFO - Cache disabled - skipping set for key: routes.api.account_activity.get_account_balances:6256528f092a1e0a2e9bbb03f1e62dcc
2025-11-03 21:42:45,745 - cache - INFO - Cache disabled - skipping set for key: routes.api.account_activity.get_account_activity:6256528f092a1e0a2e9bbb03f1e62dcc
2025-11-03 21:42:49,823 - cache - INFO - Cache disabled - skipping set for key: routes.api.positions.get_position_details:54e872f6a07e3b919d7e40270e9f493a
