=== TikTrack Route Check Report ===
Date: Sun Sep 28 09:52:47 IDT 2025
Server: http://127.0.0.1:8080
Success Rate: 82% (19/23)

=== Route Details ===
✅ Health Check - HTTP 200 (10ms)
✅ Trading Accounts API - HTTP 200 (7ms)
✅ Trades API - HTTP 200 (96ms)
⚠️ Tickers API - HTTP 500 (7ms)
✅ Trade Plans API - HTTP 200 (13ms)
⚠️ Alerts API - HTTP 500 (9ms)
✅ Cash Flows API - HTTP 200 (9ms)
⚠️ Notes API - HTTP 500 (7ms)
✅ Executions API - HTTP 200 (9ms)
⚠️ Currencies API - HTTP 500 (8ms)
✅ Preferences API - HTTP 404 (12ms)
✅ Main Page - HTTP 200 (7ms)
✅ Accounts Page - HTTP 200 (8ms)
✅ Trades Page - HTTP 200 (10ms)
✅ Tickers Page - HTTP 200 (8ms)
✅ Planning Page - HTTP 404 (7ms)
✅ Alerts Page - HTTP 200 (8ms)
✅ Cash Flows Page - HTTP 200 (9ms)
✅ Notes Page - HTTP 200 (8ms)
✅ Currencies Page - HTTP 404 (7ms)
✅ Database Page - HTTP 404 (7ms)
✅ Research Page - HTTP 200 (8ms)
✅ Designs Page - HTTP 200 (9ms)

=== Failed Routes ===
- Tickers API (GET /api/tickers/) - HTTP 500
- Alerts API (GET /api/alerts/) - HTTP 500
- Notes API (GET /api/notes/) - HTTP 500
- Currencies API (GET /api/currencies/) - HTTP 500
