INFO:constraint_service:ConstraintService initialized with database: /Users/nimrod/Documents/TikTrack/TikTrackApp/Backend/services/../db/simpleTrade_new.db
INFO:services.smart_query_optimizer:Smart Query Optimizer initialized
INFO:services.constraint_service:ConstraintService initialized with database: /Users/nimrod/Documents/TikTrack/TikTrackApp/Backend/services/../db/simpleTrade_new.db
INFO:services.user_service:UserService initialized with database: /Users/nimrod/Documents/TikTrack/TikTrackApp/Backend/services/../db/simpleTrade_new.db
Server initialized for threading.
INFO:engineio.server:Server initialized for threading.
INFO:services.realtime_notifications:Real-time Notifications Service initialized
INFO:services.background_tasks:Background Task Manager initialized with real-time notifications support
INFO:services.data_refresh_scheduler:Data Refresh Scheduler initialized with NY market clock
INFO:root:🚀 Starting TikTrack server...
2025-09-28 11:59:20,876 - root - INFO - 🚀 Starting TikTrack server...
INFO:root:📁 Current working directory: /Users/nimrod/Documents/TikTrack/TikTrackApp/Backend
2025-09-28 11:59:20,876 - root - INFO - 📁 Current working directory: /Users/nimrod/Documents/TikTrack/TikTrackApp/Backend
INFO:root:🐍 Python version: 3.9.6 (default, Apr 30 2025, 02:07:17) 
[Clang 17.0.0 (clang-1700.0.13.5)]
2025-09-28 11:59:20,876 - root - INFO - 🐍 Python version: 3.9.6 (default, Apr 30 2025, 02:07:17) 
[Clang 17.0.0 (clang-1700.0.13.5)]
INFO:root:📦 Flask version: 3.1.2
2025-09-28 11:59:20,877 - root - INFO - 📦 Flask version: 3.1.2
INFO:root:🗄️ Initializing database...
2025-09-28 11:59:20,877 - root - INFO - 🗄️ Initializing database...
INFO:utils.performance_monitor:Starting operation: Database initialization
2025-09-28 11:59:20,877 - utils.performance_monitor - INFO - Starting operation: Database initialization
INFO:utils.performance_monitor:Completed operation: Database initialization - Duration: 0.005s
2025-09-28 11:59:20,881 - utils.performance_monitor - INFO - Completed operation: Database initialization - Duration: 0.005s
INFO:root:✅ Database initialized successfully
2025-09-28 11:59:20,881 - root - INFO - ✅ Database initialized successfully
INFO:utils.performance_monitor:System metrics: CPU: 31.6%, Memory: 72.4%, Disk: 15.0%
2025-09-28 11:59:21,887 - utils.performance_monitor - INFO - System metrics: CPU: 31.6%, Memory: 72.4%, Disk: 15.0%
INFO:root:✅ Database initialized successfully
2025-09-28 11:59:21,887 - root - INFO - ✅ Database initialized successfully
INFO:root:✅ Server initialization completed
2025-09-28 11:59:21,887 - root - INFO - ✅ Server initialization completed
INFO:root:🚀 Starting background task scheduler...
2025-09-28 11:59:21,920 - root - INFO - 🚀 Starting background task scheduler...
INFO:services.background_tasks:Registered background task: cleanup_expired_data (1d)
2025-09-28 11:59:21,920 - services.background_tasks - INFO - Registered background task: cleanup_expired_data (1d)
emitting event "background_task_started" to all [/]
INFO:socketio.server:emitting event "background_task_started" to all [/]
2025-09-28 11:59:21,920 - socketio.server - INFO - emitting event "background_task_started" to all [/]
INFO:services.realtime_notifications:Broadcasted background_task_started to all clients
2025-09-28 11:59:21,920 - services.realtime_notifications - INFO - Broadcasted background_task_started to all clients
INFO:services.background_tasks:Registered background task: cleanup_cache (1h)
2025-09-28 11:59:21,920 - services.background_tasks - INFO - Registered background task: cleanup_cache (1h)
emitting event "background_task_started" to all [/]
INFO:socketio.server:emitting event "background_task_started" to all [/]
2025-09-28 11:59:21,920 - socketio.server - INFO - emitting event "background_task_started" to all [/]
INFO:services.realtime_notifications:Broadcasted background_task_started to all clients
2025-09-28 11:59:21,920 - services.realtime_notifications - INFO - Broadcasted background_task_started to all clients
INFO:services.background_tasks:Registered background task: rotate_logs (1w)
2025-09-28 11:59:21,920 - services.background_tasks - INFO - Registered background task: rotate_logs (1w)
emitting event "background_task_started" to all [/]
INFO:socketio.server:emitting event "background_task_started" to all [/]
2025-09-28 11:59:21,920 - socketio.server - INFO - emitting event "background_task_started" to all [/]
INFO:services.realtime_notifications:Broadcasted background_task_started to all clients
2025-09-28 11:59:21,920 - services.realtime_notifications - INFO - Broadcasted background_task_started to all clients
INFO:services.background_tasks:Registered background task: collect_metrics (30m)
2025-09-28 11:59:21,920 - services.background_tasks - INFO - Registered background task: collect_metrics (30m)
emitting event "background_task_started" to all [/]
INFO:socketio.server:emitting event "background_task_started" to all [/]
2025-09-28 11:59:21,920 - socketio.server - INFO - emitting event "background_task_started" to all [/]
INFO:services.realtime_notifications:Broadcasted background_task_started to all clients
2025-09-28 11:59:21,921 - services.realtime_notifications - INFO - Broadcasted background_task_started to all clients
INFO:services.background_tasks:Registered background task: database_maintenance (1w)
2025-09-28 11:59:21,921 - services.background_tasks - INFO - Registered background task: database_maintenance (1w)
emitting event "background_task_started" to all [/]
INFO:socketio.server:emitting event "background_task_started" to all [/]
2025-09-28 11:59:21,921 - socketio.server - INFO - emitting event "background_task_started" to all [/]
INFO:services.realtime_notifications:Broadcasted background_task_started to all clients
2025-09-28 11:59:21,921 - services.realtime_notifications - INFO - Broadcasted background_task_started to all clients
INFO:services.background_tasks:Registered background task: system_health_check (1h)
2025-09-28 11:59:21,921 - services.background_tasks - INFO - Registered background task: system_health_check (1h)
emitting event "background_task_started" to all [/]
INFO:socketio.server:emitting event "background_task_started" to all [/]
2025-09-28 11:59:21,921 - socketio.server - INFO - emitting event "background_task_started" to all [/]
INFO:services.realtime_notifications:Broadcasted background_task_started to all clients
2025-09-28 11:59:21,921 - services.realtime_notifications - INFO - Broadcasted background_task_started to all clients
INFO:services.background_tasks:Registered background task: update_closed_tickers_daily (1d)
2025-09-28 11:59:21,921 - services.background_tasks - INFO - Registered background task: update_closed_tickers_daily (1d)
emitting event "background_task_started" to all [/]
INFO:socketio.server:emitting event "background_task_started" to all [/]
2025-09-28 11:59:21,921 - socketio.server - INFO - emitting event "background_task_started" to all [/]
INFO:services.realtime_notifications:Broadcasted background_task_started to all clients
2025-09-28 11:59:21,921 - services.realtime_notifications - INFO - Broadcasted background_task_started to all clients
INFO:services.background_tasks:Background task scheduler started
2025-09-28 11:59:21,922 - services.background_tasks - INFO - Background task scheduler started
INFO:root:✅ Background task scheduler started successfully
2025-09-28 11:59:21,922 - root - INFO - ✅ Background task scheduler started successfully
INFO:root:🚀 Starting external data refresh scheduler...
2025-09-28 11:59:21,922 - root - INFO - 🚀 Starting external data refresh scheduler...
INFO:services.data_refresh_scheduler:Data Refresh Scheduler started
2025-09-28 11:59:21,928 - services.data_refresh_scheduler - INFO - Data Refresh Scheduler started
INFO:root:✅ External data refresh scheduler started successfully
2025-09-28 11:59:21,940 - root - INFO - ✅ External data refresh scheduler started successfully
🔍 PROJECT_ROOT: /Users/nimrod/Documents/TikTrack/TikTrackApp
🔍 UI_DIR: /Users/nimrod/Documents/TikTrack/TikTrackApp/trading-ui
🔍 SCRIPTS_DIR: /Users/nimrod/Documents/TikTrack/TikTrackApp/trading-ui/scripts
✅ Data Refresh Scheduler initialized successfully
 * Serving Flask app 'app'
 * Debug mode: on
Address already in use
Port 8080 is in use by another program. Either identify and stop that program, or start the server with a different port.
