--- G7 Part A evidence run started 2026-03-11T22:50:45.684215+00:00 ---

=== CYCLE 1/4 ===
📊 [FIX-4] Alpha Vantage quota: 0/25 used, 25 remaining (FX reserve: 8)
⚠️ Yahoo batch 401 — cooldown 15min (use Alpha fallback)
⚠️ Yahoo batch failed: Client error '401 Unauthorized' for url 'https://query1.finance.yahoo.com/v7/finance/quote?symbols=ANAU.MI%2CBTC-USD%2CSPY%2CTEVA.TA%2CAAPL%2CAMZN%2CGOOGL%2CMETA%2CQQQ&fields=regularMarketPrice%2CregularMarketOpen%2CregularMarketDayHigh%2CregularMarketDayLow%2CregularMarketPreviousClose%2CregularMarketVolume%2CmarketCap%2CregularMarketTime'
For more information check: https://developer.mozilla.org/en-US/docs/Web/HTTP/Status/401
⚠️ YAHOO_FINANCE in cooldown — skipping
Alpha Vantage quota/rate signal for BTC: We have detected your API key as Z103KQWGWCQ1USLL and our standard API rate limit is 25 requests per day. Please subscribe to any of the premium plans at https://www.alphavantage.co/premium/ to instan
⚠️ ALPHA_VANTAGE 429 — cooldown 15min
⚠️ ALPHA_VANTAGE BTC-USD: We have detected your API key as Z103KQWGWCQ1USLL and our standard API rate limit is 25 requests per day. Please subscribe to any of the premium plans at https://www.alphavantage.co/premium/ to instan
⚠️ ALPHA_VANTAGE in cooldown — skipping


=== CYCLE 2/4 ===
📋 [SOP-015] YAHOO_FINANCE in cooldown: 802s remaining
📋 [SOP-015] ALPHA_VANTAGE in cooldown: 839s remaining
📊 [FIX-4] Alpha Vantage quota: 3/25 used, 22 remaining (FX reserve: 8)
⚠️ YAHOO_FINANCE in cooldown — skipping
⚠️ ALPHA_VANTAGE in cooldown — skipping


=== CYCLE 3/4 ===
📋 [SOP-015] YAHOO_FINANCE in cooldown: 742s remaining
📋 [SOP-015] ALPHA_VANTAGE in cooldown: 779s remaining
📊 [FIX-4] Alpha Vantage quota: 3/25 used, 22 remaining (FX reserve: 8)
⚠️ YAHOO_FINANCE in cooldown — skipping
⚠️ ALPHA_VANTAGE in cooldown — skipping


=== CYCLE 4/4 ===
📋 [SOP-015] YAHOO_FINANCE in cooldown: 682s remaining
📋 [SOP-015] ALPHA_VANTAGE in cooldown: 719s remaining
📊 [FIX-4] Alpha Vantage quota: 3/25 used, 22 remaining (FX reserve: 8)
⚠️ YAHOO_FINANCE in cooldown — skipping
⚠️ ALPHA_VANTAGE in cooldown — skipping

