--- G7 Part A evidence run started 2026-03-12T00:07:13.698852+00:00 ---

=== CYCLE 1/4 ===
📊 [FIX-4] Alpha Vantage quota: 0/25 used, 25 remaining (FX reserve: 8)
⚠️ Yahoo batch 401 — skipping batch, proceeding to per-ticker (no cooldown)
⚠️ Yahoo batch failed: Client error '401 Unauthorized' for url 'https://query1.finance.yahoo.com/v7/finance/quote?symbols=ANAU.MI%2CBTC-USD%2CSPY%2CTEVA.TA%2CAAPL%2CAMZN%2CGOOGL%2CMETA%2CQQQ&fields=regularMarketPrice%2CregularMarketOpen%2CregularMarketDayHigh%2CregularMarketDayLow%2CregularMarketPreviousClose%2CregularMarketVolume%2CmarketCap%2CregularMarketTime'
For more information check: https://developer.mozilla.org/en-US/docs/Web/HTTP/Status/401
/Users/nimrod/Library/Python/3.9/lib/python/site-packages/urllib3/__init__.py:35: NotOpenSSLWarning: urllib3 v2 only supports OpenSSL 1.1.1+, currently the 'ssl' module is compiled with 'LibreSSL 2.8.3'. See: https://github.com/urllib3/urllib3/issues/3020
  warnings.warn(
Yahoo v8/chart 429 for ANAU.MI (attempt 1/3) — backing off 5s
Yahoo v8/chart 429 for ANAU.MI (attempt 2/3) — backing off 10s
Yahoo v8/chart 429 exhausted for ANAU.MI — per-symbol rate limit (no global cooldown)
⚠️ ALPHA_VANTAGE in cooldown — skipping
📌 ANAU.MI: using last-known price (providers unavailable)
Yahoo v8/chart 429 for BTC-USD (attempt 2/3) — backing off 10s
Yahoo v8/chart 429 exhausted for BTC-USD — per-symbol rate limit (no global cooldown)
Yahoo v8/chart 429 for BTCUSD=X (attempt 1/3) — backing off 5s
Yahoo v8/chart 429 for BTCUSD=X (attempt 2/3) — backing off 10s
Yahoo v8/chart 429 exhausted for BTCUSD=X — per-symbol rate limit (no global cooldown)
📌 BTC-USD: using last-known price (providers unavailable)
Yahoo v8/chart 429 for SPY (attempt 1/3) — backing off 5s
Yahoo v8/chart 429 for SPY (attempt 2/3) — backing off 10s
Yahoo v8/chart 429 exhausted for SPY — per-symbol rate limit (no global cooldown)
📌 SPY: using last-known price (providers unavailable)
Yahoo v8/chart 429 for TEVA.TA (attempt 1/3) — backing off 5s
Yahoo v8/chart 429 for TEVA.TA (attempt 2/3) — backing off 10s
Yahoo v8/chart 429 exhausted for TEVA.TA — per-symbol rate limit (no global cooldown)
📌 TEVA.TA: using last-known price (providers unavailable)
Yahoo v8/chart 429 for AMZN (attempt 1/3) — backing off 5s
Yahoo v8/chart 429 for AMZN (attempt 2/3) — backing off 10s
Yahoo v8/chart 429 exhausted for AMZN — per-symbol rate limit (no global cooldown)
📌 AMZN: using last-known price (providers unavailable)
Yahoo v8/chart 429 for GOOGL (attempt 1/3) — backing off 5s
Yahoo v8/chart 429 for GOOGL (attempt 2/3) — backing off 10s
Yahoo v8/chart 429 exhausted for GOOGL — per-symbol rate limit (no global cooldown)
📌 GOOGL: using last-known price (providers unavailable)
Yahoo v8/chart 429 for QQQ (attempt 1/3) — backing off 5s
Yahoo v8/chart 429 for QQQ (attempt 2/3) — backing off 10s
Yahoo v8/chart 429 exhausted for QQQ — per-symbol rate limit (no global cooldown)
📌 QQQ: using last-known price (providers unavailable)


=== CYCLE 2/4 ===
📋 [SOP-015] ALPHA_VANTAGE in cooldown: 83424s remaining
📊 [FIX-4] Alpha Vantage quota: 0/25 used, 25 remaining (FX reserve: 8)
⚠️ YAHOO_FINANCE batch 429 — cooldown 15min
⚠️ Yahoo batch failed: Client error '429 Too Many Requests' for url 'https://query1.finance.yahoo.com/v7/finance/quote?symbols=ANAU.MI%2CBTC-USD%2CSPY%2CTEVA.TA%2CAAPL%2CAMZN%2CGOOGL%2CMETA%2CQQQ&fields=regularMarketPrice%2CregularMarketOpen%2CregularMarketDayHigh%2CregularMarketDayLow%2CregularMarketPreviousClose%2CregularMarketVolume%2CmarketCap%2CregularMarketTime'
For more information check: https://developer.mozilla.org/en-US/docs/Web/HTTP/Status/429
⚠️ YAHOO_FINANCE in cooldown — skipping
⚠️ ALPHA_VANTAGE in cooldown — skipping
📌 ANAU.MI: using last-known price (providers unavailable)
📌 BTC-USD: using last-known price (providers unavailable)
📌 SPY: using last-known price (providers unavailable)
📌 TEVA.TA: using last-known price (providers unavailable)
📌 AAPL: using last-known price (providers unavailable)
📌 AMZN: using last-known price (providers unavailable)
📌 GOOGL: using last-known price (providers unavailable)
📌 META: using last-known price (providers unavailable)
📌 QQQ: using last-known price (providers unavailable)
