Yahoo v8/chart 429 for ANAU.MI (attempt 1/3) — backing off 5s
Yahoo v8/chart 429 for ANAU.MI (attempt 2/3) — backing off 10s
Yahoo 429 — cooldown 15 min (SOP-015)
/Users/nimrod/Library/Python/3.9/lib/python/site-packages/urllib3/__init__.py:35: NotOpenSSLWarning: urllib3 v2 only supports OpenSSL 1.1.1+, currently the 'ssl' module is compiled with 'LibreSSL 2.8.3'. See: https://github.com/urllib3/urllib3/issues/3020
  warnings.warn(
🔄 EOD sync — ticker_prices (Yahoo→Alpha, Single-Flight)
📊 [FIX-4] Alpha Vantage quota: 0/25 used, 25 remaining (FX reserve: 8)
⚠️ ALPHA_VANTAGE in cooldown — skipping
📌 ANAU.MI: using last-known price (providers unavailable)
⚠️ YAHOO_FINANCE in cooldown — skipping
📌 BTC-USD: using last-known price (providers unavailable)
📌 SPY: using last-known price (providers unavailable)
📌 TEVA.TA: using last-known price (providers unavailable)
📌 AAPL: using last-known price (providers unavailable)
📌 AMZN: using last-known price (providers unavailable)
📌 GOOGL: using last-known price (providers unavailable)
📌 META: using last-known price (providers unavailable)
📌 QQQ: using last-known price (providers unavailable)
✅ Upserted 9 ticker prices to market_data.ticker_prices
✅ Backfilled market_cap for 1 row(s) (AUTO-WP003-05)

