STABILITY_QUERY_EXIT 0
tag|cnt
OLD_RUNNING_ROWS|0
(1 row)
tag|job_name|completed_rows_60m
RECENT_COMPLETED|check_alert_conditions|8
RECENT_COMPLETED|sync_ticker_prices_intraday|3
(2 rows)
job_name|status|runtime_class|duration_ms|started_at|completed_at
check_alert_conditions|completed|TARGET_RUNTIME|51|2026-03-03 10:44:16.051861+00|2026-03-03 10:44:16.103416+00
sync_ticker_prices_intraday|skipped_concurrent|TARGET_RUNTIME||2026-03-03 10:44:16.050681+00|2026-03-03 10:44:16.095071+00
check_alert_conditions|completed|TARGET_RUNTIME|105|2026-03-03 10:44:00.876602+00|2026-03-03 10:44:00.982576+00
sync_ticker_prices_intraday|running|TARGET_RUNTIME||2026-03-03 10:44:00.874863+00|
check_alert_conditions|completed|TARGET_RUNTIME|68|2026-03-03 10:38:49.911805+00|2026-03-03 10:38:49.980766+00
sync_ticker_prices_intraday|skipped_concurrent|TARGET_RUNTIME||2026-03-03 10:38:49.910684+00|2026-03-03 10:38:49.952199+00
check_alert_conditions|completed|TARGET_RUNTIME|139|2026-03-03 10:37:51.691302+00|2026-03-03 10:37:51.830898+00
sync_ticker_prices_intraday|timeout|TARGET_RUNTIME||2026-03-03 10:37:51.689907+00|2026-03-03 10:44:00.913405+00
check_alert_conditions|completed|TARGET_RUNTIME|12|2026-03-03 10:35:28.444301+00|2026-03-03 10:35:28.456649+00
sync_ticker_prices_intraday|completed|TARGET_RUNTIME|51587|2026-03-03 10:23:51.615969+00|2026-03-03 10:24:43.203186+00
check_alert_conditions|completed|TARGET_RUNTIME|14|2026-03-03 10:20:28.443962+00|2026-03-03 10:20:28.458168+00
sync_ticker_prices_intraday|completed|TARGET_RUNTIME|50451|2026-03-03 10:08:51.615792+00|2026-03-03 10:09:42.067552+00
check_alert_conditions|completed|TARGET_RUNTIME|21|2026-03-03 10:05:28.444236+00|2026-03-03 10:05:28.465375+00
sync_ticker_prices_intraday|completed|TARGET_RUNTIME|50307|2026-03-03 09:53:51.615353+00|2026-03-03 09:54:41.922577+00
check_alert_conditions|completed|TARGET_RUNTIME|17|2026-03-03 09:50:28.444993+00|2026-03-03 09:50:28.462752+00
sync_ticker_prices_intraday|completed|TARGET_RUNTIME|74201|2026-03-03 09:38:51.615706+00|2026-03-03 09:40:05.816736+00
check_alert_conditions|completed|TARGET_RUNTIME|23|2026-03-03 09:35:28.450512+00|2026-03-03 09:35:28.47421+00
sync_ticker_prices_intraday|completed|TARGET_RUNTIME|100338|2026-03-03 09:23:51.567208+00|2026-03-03 09:25:31.905646+00
check_alert_conditions|completed|TARGET_RUNTIME|51|2026-03-03 09:20:28.447078+00|2026-03-03 09:20:28.498148+00
sync_ticker_prices_intraday|skipped_concurrent|TARGET_RUNTIME||2026-03-03 09:20:28.445121+00|2026-03-03 09:20:28.489162+00
(20 rows)
---STDERR---

SCHEDULER_STABILITY_EXIT 0
