============================= test session starts ==============================
platform darwin -- Python 3.9.6, pytest-8.4.2, pluggy-1.6.0 -- /Library/Developer/CommandLineTools/usr/bin/python3
cachedir: .pytest_cache
metadata: {'Python': '3.9.6', 'Platform': 'macOS-15.7.4-arm64-arm-64bit', 'Packages': {'pytest': '8.4.2', 'pluggy': '1.6.0'}, 'Plugins': {'asyncio': '1.2.0', 'anyio': '4.12.0', 'html': '4.1.1', 'metadata': '3.1.1', 'cov': '4.1.0', 'xdist': '3.3.1', 'flask': '1.2.0'}, 'CI': '1'}
rootdir: /Users/nimrod/Documents/TikTrack/TikTrackAppV2-phoenix
configfile: pyproject.toml
plugins: asyncio-1.2.0, anyio-4.12.0, html-4.1.1, metadata-3.1.1, cov-4.1.0, xdist-3.3.1, flask-1.2.0
asyncio: mode=strict, debug=False, asyncio_default_fixture_loop_scope=None, asyncio_default_test_loop_scope=function
collecting ... collected 22 items

agents_os_v3/tests/e2e/test_e2e_full_ui_survey.py::test_e2e_page_loads_and_body_marker[index.html-pipeline] PASSED [  4%]
agents_os_v3/tests/e2e/test_e2e_full_ui_survey.py::test_e2e_page_loads_and_body_marker[flow.html-flow] PASSED [  9%]
agents_os_v3/tests/e2e/test_e2e_full_ui_survey.py::test_e2e_page_loads_and_body_marker[teams.html-teams] PASSED [ 13%]
agents_os_v3/tests/e2e/test_e2e_full_ui_survey.py::test_e2e_page_loads_and_body_marker[history.html-history] PASSED [ 18%]
agents_os_v3/tests/e2e/test_e2e_full_ui_survey.py::test_e2e_page_loads_and_body_marker[config.html-config] PASSED [ 22%]
agents_os_v3/tests/e2e/test_e2e_full_ui_survey.py::test_e2e_page_loads_and_body_marker[portfolio.html-portfolio] PASSED [ 27%]
agents_os_v3/tests/e2e/test_e2e_full_ui_survey.py::test_e2e_type_a_pipeline_and_flow_domain_buttons_not_scope_select PASSED [ 31%]
agents_os_v3/tests/e2e/test_e2e_full_ui_survey.py::test_e2e_type_b_pages_scope_select_no_domain_buttons_in_sidebar PASSED [ 36%]
agents_os_v3/tests/e2e/test_e2e_full_ui_survey.py::test_e2e_config_page_solo_main_no_domain_scope PASSED [ 40%]
agents_os_v3/tests/e2e/test_e2e_full_ui_survey.py::test_e2e_config_all_tabs_cycle PASSED [ 45%]
agents_os_v3/tests/e2e/test_e2e_full_ui_survey.py::test_e2e_portfolio_all_tabs_cycle PASSED [ 50%]
agents_os_v3/tests/e2e/test_e2e_full_ui_survey.py::test_e2e_pipeline_workspace_title_emphasized PASSED [ 54%]
agents_os_v3/tests/e2e/test_e2e_full_ui_survey.py::test_e2e_nav_bar_links_resolve PASSED [ 59%]
agents_os_v3/tests/e2e/test_phase3b_browser_scenarios.py::test_e2e_3_1_pipeline_preset_updates_handoff_and_sse_chip[sse_connected-SSE Connected] FAILED [ 63%]
agents_os_v3/tests/e2e/test_phase3b_browser_scenarios.py::test_e2e_3_1_pipeline_preset_updates_handoff_and_sse_chip[feedback_pass-Confirm Advance] FAILED [ 68%]
agents_os_v3/tests/e2e/test_phase3b_browser_scenarios.py::test_e2e_3_1_pipeline_nav_links_roundtrip PASSED [ 72%]
agents_os_v3/tests/e2e/test_phase3b_browser_scenarios.py::test_e2e_3_2_config_tabs_routing_templates_policies PASSED [ 77%]
agents_os_v3/tests/e2e/test_phase3b_browser_scenarios.py::test_e2e_3_3_teams_list_and_filters FAILED [ 81%]
agents_os_v3/tests/e2e/test_phase3b_browser_scenarios.py::test_e2e_3_4_portfolio_tabs_and_new_idea_modal PASSED [ 86%]
agents_os_v3/tests/e2e/test_phase3b_browser_scenarios.py::test_e2e_3_5_history_run_selector_and_timeline PASSED [ 90%]
agents_os_v3/tests/e2e/test_phase3b_browser_scenarios.py::test_e2e_3_6_system_map_section_nav PASSED [ 95%]
agents_os_v3/tests/e2e/test_smoke_index.py::test_index_loads_pipeline_view PASSED [100%]

=================================== FAILURES ===================================
_ test_e2e_3_1_pipeline_preset_updates_handoff_and_sse_chip[sse_connected-SSE Connected] _
agents_os_v3/tests/e2e/test_phase3b_browser_scenarios.py:67: in test_e2e_3_1_pipeline_preset_updates_handoff_and_sse_chip
    assert "SSE Connected" in ind.text
E   assert 'SSE Connected' in 'Polling Mode'
E    +  where 'Polling Mode' = <selenium.webdriver.remote.webelement.WebElement (session="f9546f20907fcbee0c75fb51101f6033", element="f.F9E3741944676E2E9CE799474C5DEEC3.d.7F90599BA3A76834BA13EE39A3C7EFF9.e.21")>.text
------------------------------ Captured log setup ------------------------------
WARNING  selenium.webdriver.common.selenium_manager:selenium_manager.py:135 The chromedriver version (145.0.7632.117) detected in PATH at /opt/homebrew/bin/chromedriver might not be compatible with the detected chrome version (146.0.7680.165); currently, chromedriver 146.0.7680.165 is recommended for chrome 146.*, so it is advised to delete the driver in PATH and retry
_ test_e2e_3_1_pipeline_preset_updates_handoff_and_sse_chip[feedback_pass-Confirm Advance] _
agents_os_v3/tests/e2e/test_phase3b_browser_scenarios.py:69: in test_e2e_3_1_pipeline_preset_updates_handoff_and_sse_chip
    assert expect_substr in driver.page_source
E   assert 'Confirm Advance' in '<html lang="en" class="theme-tiktrack"><head>\n  <meta charset="UTF-8">\n  <meta name="viewport" content="width=device-width, initial-scale=1.0">\n  <base href="./">\n  <meta name="aosv3-api-base" content="http://127.0.0.1:8090">\n  <title>Agents OS v3 — Pipeline View</title>\n  <link rel="stylesheet" href="../../agents_os/ui/css/pipeline-shared.css">\n  <link rel="stylesheet" href="style.css">\n  <script src="theme-init.js"></script>\n</head>\n<body data-aosv3-page="pipeline">\n\n<header class="agents-header">\n  <div class="agents-header-left">\n    <h1 class="agents-header-title">Agents OS v3 — <span>Pipeline View</span></h1>\n  </div>\n  <div class="agents-header-right">\n    <span id="aosv3-sse-indicator" class="aosv3-sse-indicator aosv3-sse--polling" role="status" aria-live="polite" title="Live updates: SSE when connected, otherwise periodic refresh"><span class="aosv3-sse-dot" aria-hidden="true"></span> Polling Mode</span>\n  </div>\n</header>\n\n<nav class="pipeline-nav">\n  <a class="nav-link active" href="index.html">Pipeline</a>\n  <span class="nav-sep"></span>\n  <a class="nav-link" href="history.html">History</a>\n  <span class="nav-sep"></span>\n  <a class="nav-lin...se</th>\n              <th>actor</th>\n              <th>verdict</th>\n              <th>reason</th>\n            </tr>\n          </thead>\n          <tbody id="aosv3-run-log-tbody"></tbody>\n        </table>\n      </div>\n    </section>\n  </main>\n</div>\n\n<div id="aosv3-modal-stop-run" class="aosv3-modal-overlay" aria-hidden="true" role="dialog" aria-labelledby="aosv3-modal-stop-title">\n  <div class="aosv3-modal-box">\n    <button type="button" class="aosv3-modal-close" data-aosv3-modal-close="" aria-label="Close">✕</button>\n    <h3 id="aosv3-modal-stop-title">Stop active run?</h3>\n    <p class="aosv3-sidebar-hint">Aborts the current run. Only authorized operators should confirm.</p>\n    <p class="aosv3-sidebar-hint">In developer scenario mode, no API request is sent.</p>\n    <div class="aosv3-modal-actions">\n      <button type="button" class="btn" data-aosv3-modal-close="" title="Close without stopping">Cancel</button>\n      <button type="button" class="btn btn-warning" id="aosv3-modal-stop-confirm" title="Confirm stop run">Confirm stop</button>\n    </div>\n  </div>\n</div>\n\n<script src="api-client.js"></script>\n<script src="app.js"></script>\n\n\n</body></html>'
E    +  where '<html lang="en" class="theme-tiktrack"><head>\n  <meta charset="UTF-8">\n  <meta name="viewport" content="width=device-width, initial-scale=1.0">\n  <base href="./">\n  <meta name="aosv3-api-base" content="http://127.0.0.1:8090">\n  <title>Agents OS v3 — Pipeline View</title>\n  <link rel="stylesheet" href="../../agents_os/ui/css/pipeline-shared.css">\n  <link rel="stylesheet" href="style.css">\n  <script src="theme-init.js"></script>\n</head>\n<body data-aosv3-page="pipeline">\n\n<header class="agents-header">\n  <div class="agents-header-left">\n    <h1 class="agents-header-title">Agents OS v3 — <span>Pipeline View</span></h1>\n  </div>\n  <div class="agents-header-right">\n    <span id="aosv3-sse-indicator" class="aosv3-sse-indicator aosv3-sse--polling" role="status" aria-live="polite" title="Live updates: SSE when connected, otherwise periodic refresh"><span class="aosv3-sse-dot" aria-hidden="true"></span> Polling Mode</span>\n  </div>\n</header>\n\n<nav class="pipeline-nav">\n  <a class="nav-link active" href="index.html">Pipeline</a>\n  <span class="nav-sep"></span>\n  <a class="nav-link" href="history.html">History</a>\n  <span class="nav-sep"></span>\n  <a class="nav-lin...se</th>\n              <th>actor</th>\n              <th>verdict</th>\n              <th>reason</th>\n            </tr>\n          </thead>\n          <tbody id="aosv3-run-log-tbody"></tbody>\n        </table>\n      </div>\n    </section>\n  </main>\n</div>\n\n<div id="aosv3-modal-stop-run" class="aosv3-modal-overlay" aria-hidden="true" role="dialog" aria-labelledby="aosv3-modal-stop-title">\n  <div class="aosv3-modal-box">\n    <button type="button" class="aosv3-modal-close" data-aosv3-modal-close="" aria-label="Close">✕</button>\n    <h3 id="aosv3-modal-stop-title">Stop active run?</h3>\n    <p class="aosv3-sidebar-hint">Aborts the current run. Only authorized operators should confirm.</p>\n    <p class="aosv3-sidebar-hint">In developer scenario mode, no API request is sent.</p>\n    <div class="aosv3-modal-actions">\n      <button type="button" class="btn" data-aosv3-modal-close="" title="Close without stopping">Cancel</button>\n      <button type="button" class="btn btn-warning" id="aosv3-modal-stop-confirm" title="Confirm stop run">Confirm stop</button>\n    </div>\n  </div>\n</div>\n\n<script src="api-client.js"></script>\n<script src="app.js"></script>\n\n\n</body></html>' = <selenium.webdriver.chrome.webdriver.WebDriver (session="4a5c5027ffb15c09b5b7d5ad9d8a348d")>.page_source
------------------------------ Captured log setup ------------------------------
WARNING  selenium.webdriver.common.selenium_manager:selenium_manager.py:135 The chromedriver version (145.0.7632.117) detected in PATH at /opt/homebrew/bin/chromedriver might not be compatible with the detected chrome version (146.0.7680.165); currently, chromedriver 146.0.7680.165 is recommended for chrome 146.*, so it is advised to delete the driver in PATH and retry
_____________________ test_e2e_3_3_teams_list_and_filters ______________________
agents_os_v3/tests/e2e/test_phase3b_browser_scenarios.py:122: in test_e2e_3_3_teams_list_and_filters
    assert host.is_displayed()
E   assert False
E    +  where False = is_displayed()
E    +    where is_displayed = <selenium.webdriver.remote.webelement.WebElement (session="1393b2f4e599fa20d93d5f89b2956bf0", element="f.8982BE029566CC2E28C99F364836F468.d.7A17CFCEEBBD963AD5EADAC4B911D3DE.e.6")>.is_displayed
------------------------------ Captured log setup ------------------------------
WARNING  selenium.webdriver.common.selenium_manager:selenium_manager.py:135 The chromedriver version (145.0.7632.117) detected in PATH at /opt/homebrew/bin/chromedriver might not be compatible with the detected chrome version (146.0.7680.165); currently, chromedriver 146.0.7680.165 is recommended for chrome 146.*, so it is advised to delete the driver in PATH and retry
=============================== warnings summary ===============================
agents_os_v3/tests/e2e/test_e2e_full_ui_survey.py::test_e2e_page_loads_and_body_marker[index.html-pipeline]
  /Users/nimrod/Library/Python/3.9/lib/python/site-packages/urllib3/__init__.py:35: NotOpenSSLWarning: urllib3 v2 only supports OpenSSL 1.1.1+, currently the 'ssl' module is compiled with 'LibreSSL 2.8.3'. See: https://github.com/urllib3/urllib3/issues/3020
    warnings.warn(

-- Docs: https://docs.pytest.org/en/stable/how-to/capture-warnings.html
=========================== short test summary info ============================
FAILED agents_os_v3/tests/e2e/test_phase3b_browser_scenarios.py::test_e2e_3_1_pipeline_preset_updates_handoff_and_sse_chip[sse_connected-SSE Connected] - assert 'SSE Connected' in 'Polling Mode'
 +  where 'Polling Mode' = <selenium.webdriver.remote.webelement.WebElement (session="f9546f20907fcbee0c75fb51101f6033", element="f.F9E3741944676E2E9CE799474C5DEEC3.d.7F90599BA3A76834BA13EE39A3C7EFF9.e.21")>.text
FAILED agents_os_v3/tests/e2e/test_phase3b_browser_scenarios.py::test_e2e_3_1_pipeline_preset_updates_handoff_and_sse_chip[feedback_pass-Confirm Advance] - assert 'Confirm Advance' in '<html lang="en" class="theme-tiktrack"><head>\n  <meta charset="UTF-8">\n  <meta name="viewport" content="width=device-width, initial-scale=1.0">\n  <base href="./">\n  <meta name="aosv3-api-base" content="http://127.0.0.1:8090">\n  <title>Agents OS v3 — Pipeline View</title>\n  <link rel="stylesheet" href="../../agents_os/ui/css/pipeline-shared.css">\n  <link rel="stylesheet" href="style.css">\n  <script src="theme-init.js"></script>\n</head>\n<body data-aosv3-page="pipeline">\n\n<header class="agents-header">\n  <div class="agents-header-left">\n    <h1 class="agents-header-title">Agents OS v3 — <span>Pipeline View</span></h1>\n  </div>\n  <div class="agents-header-right">\n    <span id="aosv3-sse-indicator" class="aosv3-sse-indicator aosv3-sse--polling" role="status" aria-live="polite" title="Live updates: SSE when connected, otherwise periodic refresh"><span class="aosv3-sse-dot" aria-hidden="true"></span> Polling Mode</span>\n  </div>\n</header>\n\n<nav class="pipeline-nav">\n  <a class="nav-link active" href="index.html">Pipeline</a>\n  <span class="nav-sep"></span>\n  <a class="nav-link" href="history.html">History</a>\n  <span class="nav-sep"></span>\n  <a class="nav-lin...se</th>\n              <th>actor</th>\n              <th>verdict</th>\n              <th>reason</th>\n            </tr>\n          </thead>\n          <tbody id="aosv3-run-log-tbody"></tbody>\n        </table>\n      </div>\n    </section>\n  </main>\n</div>\n\n<div id="aosv3-modal-stop-run" class="aosv3-modal-overlay" aria-hidden="true" role="dialog" aria-labelledby="aosv3-modal-stop-title">\n  <div class="aosv3-modal-box">\n    <button type="button" class="aosv3-modal-close" data-aosv3-modal-close="" aria-label="Close">✕</button>\n    <h3 id="aosv3-modal-stop-title">Stop active run?</h3>\n    <p class="aosv3-sidebar-hint">Aborts the current run. Only authorized operators should confirm.</p>\n    <p class="aosv3-sidebar-hint">In developer scenario mode, no API request is sent.</p>\n    <div class="aosv3-modal-actions">\n      <button type="button" class="btn" data-aosv3-modal-close="" title="Close without stopping">Cancel</button>\n      <button type="button" class="btn btn-warning" id="aosv3-modal-stop-confirm" title="Confirm stop run">Confirm stop</button>\n    </div>\n  </div>\n</div>\n\n<script src="api-client.js"></script>\n<script src="app.js"></script>\n\n\n</body></html>'
 +  where '<html lang="en" class="theme-tiktrack"><head>\n  <meta charset="UTF-8">\n  <meta name="viewport" content="width=device-width, initial-scale=1.0">\n  <base href="./">\n  <meta name="aosv3-api-base" content="http://127.0.0.1:8090">\n  <title>Agents OS v3 — Pipeline View</title>\n  <link rel="stylesheet" href="../../agents_os/ui/css/pipeline-shared.css">\n  <link rel="stylesheet" href="style.css">\n  <script src="theme-init.js"></script>\n</head>\n<body data-aosv3-page="pipeline">\n\n<header class="agents-header">\n  <div class="agents-header-left">\n    <h1 class="agents-header-title">Agents OS v3 — <span>Pipeline View</span></h1>\n  </div>\n  <div class="agents-header-right">\n    <span id="aosv3-sse-indicator" class="aosv3-sse-indicator aosv3-sse--polling" role="status" aria-live="polite" title="Live updates: SSE when connected, otherwise periodic refresh"><span class="aosv3-sse-dot" aria-hidden="true"></span> Polling Mode</span>\n  </div>\n</header>\n\n<nav class="pipeline-nav">\n  <a class="nav-link active" href="index.html">Pipeline</a>\n  <span class="nav-sep"></span>\n  <a class="nav-link" href="history.html">History</a>\n  <span class="nav-sep"></span>\n  <a class="nav-lin...se</th>\n              <th>actor</th>\n              <th>verdict</th>\n              <th>reason</th>\n            </tr>\n          </thead>\n          <tbody id="aosv3-run-log-tbody"></tbody>\n        </table>\n      </div>\n    </section>\n  </main>\n</div>\n\n<div id="aosv3-modal-stop-run" class="aosv3-modal-overlay" aria-hidden="true" role="dialog" aria-labelledby="aosv3-modal-stop-title">\n  <div class="aosv3-modal-box">\n    <button type="button" class="aosv3-modal-close" data-aosv3-modal-close="" aria-label="Close">✕</button>\n    <h3 id="aosv3-modal-stop-title">Stop active run?</h3>\n    <p class="aosv3-sidebar-hint">Aborts the current run. Only authorized operators should confirm.</p>\n    <p class="aosv3-sidebar-hint">In developer scenario mode, no API request is sent.</p>\n    <div class="aosv3-modal-actions">\n      <button type="button" class="btn" data-aosv3-modal-close="" title="Close without stopping">Cancel</button>\n      <button type="button" class="btn btn-warning" id="aosv3-modal-stop-confirm" title="Confirm stop run">Confirm stop</button>\n    </div>\n  </div>\n</div>\n\n<script src="api-client.js"></script>\n<script src="app.js"></script>\n\n\n</body></html>' = <selenium.webdriver.chrome.webdriver.WebDriver (session="4a5c5027ffb15c09b5b7d5ad9d8a348d")>.page_source
FAILED agents_os_v3/tests/e2e/test_phase3b_browser_scenarios.py::test_e2e_3_3_teams_list_and_filters - assert False
 +  where False = is_displayed()
 +    where is_displayed = <selenium.webdriver.remote.webelement.WebElement (session="1393b2f4e599fa20d93d5f89b2956bf0", element="f.8982BE029566CC2E28C99F364836F468.d.7A17CFCEEBBD963AD5EADAC4B911D3DE.e.6")>.is_displayed
============= 3 failed, 19 passed, 1 warning in 105.22s (0:01:45) ==============
