============================= test session starts ==============================
platform darwin -- Python 3.9.6, pytest-8.4.2, pluggy-1.6.0 -- /Library/Developer/CommandLineTools/usr/bin/python3
cachedir: .pytest_cache
metadata: {'Python': '3.9.6', 'Platform': 'macOS-15.7.4-arm64-arm-64bit', 'Packages': {'pytest': '8.4.2', 'pluggy': '1.6.0'}, 'Plugins': {'asyncio': '1.2.0', 'anyio': '4.12.0', 'html': '4.1.1', 'metadata': '3.1.1', 'cov': '4.1.0', 'xdist': '3.3.1', 'flask': '1.2.0'}, 'CI': '1'}
rootdir: /Users/nimrod/Documents/TikTrack/TikTrackAppV2-phoenix
configfile: pyproject.toml
plugins: asyncio-1.2.0, anyio-4.12.0, html-4.1.1, metadata-3.1.1, cov-4.1.0, xdist-3.3.1, flask-1.2.0
asyncio: mode=strict, debug=False, asyncio_default_fixture_loop_scope=None, asyncio_default_test_loop_scope=function
collecting ... collected 22 items

agents_os_v3/tests/e2e/test_e2e_full_ui_survey.py::test_e2e_page_loads_and_body_marker[index.html-pipeline] PASSED [  4%]
agents_os_v3/tests/e2e/test_e2e_full_ui_survey.py::test_e2e_page_loads_and_body_marker[flow.html-flow] PASSED [  9%]
agents_os_v3/tests/e2e/test_e2e_full_ui_survey.py::test_e2e_page_loads_and_body_marker[teams.html-teams] PASSED [ 13%]
agents_os_v3/tests/e2e/test_e2e_full_ui_survey.py::test_e2e_page_loads_and_body_marker[history.html-history] PASSED [ 18%]
agents_os_v3/tests/e2e/test_e2e_full_ui_survey.py::test_e2e_page_loads_and_body_marker[config.html-config] PASSED [ 22%]
agents_os_v3/tests/e2e/test_e2e_full_ui_survey.py::test_e2e_page_loads_and_body_marker[portfolio.html-portfolio] PASSED [ 27%]
agents_os_v3/tests/e2e/test_e2e_full_ui_survey.py::test_e2e_type_a_pipeline_and_flow_domain_buttons_not_scope_select PASSED [ 31%]
agents_os_v3/tests/e2e/test_e2e_full_ui_survey.py::test_e2e_type_b_pages_scope_select_no_domain_buttons_in_sidebar PASSED [ 36%]
agents_os_v3/tests/e2e/test_e2e_full_ui_survey.py::test_e2e_config_page_solo_main_no_domain_scope PASSED [ 40%]
agents_os_v3/tests/e2e/test_e2e_full_ui_survey.py::test_e2e_config_all_tabs_cycle PASSED [ 45%]
agents_os_v3/tests/e2e/test_e2e_full_ui_survey.py::test_e2e_portfolio_all_tabs_cycle PASSED [ 50%]
agents_os_v3/tests/e2e/test_e2e_full_ui_survey.py::test_e2e_pipeline_workspace_title_emphasized PASSED [ 54%]
agents_os_v3/tests/e2e/test_e2e_full_ui_survey.py::test_e2e_nav_bar_links_resolve PASSED [ 59%]
agents_os_v3/tests/e2e/test_phase3b_browser_scenarios.py::test_e2e_3_1_pipeline_preset_updates_handoff_and_sse_chip[sse_connected-SSE Connected] PASSED [ 63%]
agents_os_v3/tests/e2e/test_phase3b_browser_scenarios.py::test_e2e_3_1_pipeline_preset_updates_handoff_and_sse_chip[feedback_pass-Confirm Advance] PASSED [ 68%]
agents_os_v3/tests/e2e/test_phase3b_browser_scenarios.py::test_e2e_3_1_pipeline_nav_links_roundtrip PASSED [ 72%]
agents_os_v3/tests/e2e/test_phase3b_browser_scenarios.py::test_e2e_3_2_config_tabs_routing_templates_policies PASSED [ 77%]
agents_os_v3/tests/e2e/test_phase3b_browser_scenarios.py::test_e2e_3_3_teams_list_and_filters PASSED [ 81%]
agents_os_v3/tests/e2e/test_phase3b_browser_scenarios.py::test_e2e_3_4_portfolio_tabs_and_new_idea_modal PASSED [ 86%]
agents_os_v3/tests/e2e/test_phase3b_browser_scenarios.py::test_e2e_3_5_history_run_selector_and_timeline PASSED [ 90%]
agents_os_v3/tests/e2e/test_phase3b_browser_scenarios.py::test_e2e_3_6_system_map_section_nav PASSED [ 95%]
agents_os_v3/tests/e2e/test_smoke_index.py::test_index_loads_pipeline_view PASSED [100%]

=============================== warnings summary ===============================
agents_os_v3/tests/e2e/test_e2e_full_ui_survey.py::test_e2e_page_loads_and_body_marker[index.html-pipeline]
  /Users/nimrod/Library/Python/3.9/lib/python/site-packages/urllib3/__init__.py:35: NotOpenSSLWarning: urllib3 v2 only supports OpenSSL 1.1.1+, currently the 'ssl' module is compiled with 'LibreSSL 2.8.3'. See: https://github.com/urllib3/urllib3/issues/3020
    warnings.warn(

-- Docs: https://docs.pytest.org/en/stable/how-to/capture-warnings.html
======================== 22 passed, 1 warning in 39.04s ========================
