Test log entry
2025-11-11 03:43:19,255 - root - INFO - 🚀 Starting TikTrack server...
2025-11-11 03:43:19,255 - root - INFO - 📁 Current working directory: /Users/nimrod/Documents/TikTrack/TikTrackApp
2025-11-11 03:43:19,256 - root - INFO - 🐍 Python version: 3.9.6 (default, Apr 30 2025, 02:07:17) 
[Clang 17.0.0 (clang-1700.0.13.5)]
2025-11-11 03:43:19,256 - root - INFO - 📦 Flask version: 2.3.3
2025-11-11 03:43:19,256 - root - INFO - 🗄️ Initializing database...
2025-11-11 03:43:19,256 - utils.performance_monitor - INFO - Starting operation: Database initialization
2025-11-11 03:43:19,259 - utils.performance_monitor - INFO - Completed operation: Database initialization - Duration: 0.004s
2025-11-11 03:43:19,259 - root - INFO - ✅ Database initialized successfully
2025-11-11 03:43:20,265 - utils.performance_monitor - INFO - System metrics: CPU: 21.0%, Memory: 68.9%, Disk: 4.5%
2025-11-11 03:43:20,266 - root - INFO - ✅ Database initialized successfully
2025-11-11 03:43:20,270 - root - INFO - ✅ Server initialization completed
2025-11-11 03:44:53,277 - root - INFO - 🚀 Starting TikTrack server...
2025-11-11 03:44:53,277 - root - INFO - 📁 Current working directory: /Users/nimrod/Documents/TikTrack/TikTrackApp
2025-11-11 03:44:53,277 - root - INFO - 🐍 Python version: 3.9.6 (default, Apr 30 2025, 02:07:17) 
[Clang 17.0.0 (clang-1700.0.13.5)]
2025-11-11 03:44:53,277 - root - INFO - 📦 Flask version: 2.3.3
2025-11-11 03:44:53,277 - root - INFO - 🗄️ Initializing database...
2025-11-11 03:44:53,277 - utils.performance_monitor - INFO - Starting operation: Database initialization
2025-11-11 03:44:53,280 - utils.performance_monitor - INFO - Completed operation: Database initialization - Duration: 0.003s
2025-11-11 03:44:53,280 - root - INFO - ✅ Database initialized successfully
2025-11-11 03:44:54,286 - utils.performance_monitor - INFO - System metrics: CPU: 4.2%, Memory: 67.7%, Disk: 4.5%
2025-11-11 03:44:54,286 - root - INFO - ✅ Database initialized successfully
2025-11-11 03:44:54,286 - root - INFO - ✅ Server initialization completed
2025-11-11 03:45:48,150 - root - INFO - 🚀 Starting TikTrack server...
2025-11-11 03:45:48,151 - root - INFO - 📁 Current working directory: /Users/nimrod/Documents/TikTrack/TikTrackApp
2025-11-11 03:45:48,151 - root - INFO - 🐍 Python version: 3.9.6 (default, Apr 30 2025, 02:07:17) 
[Clang 17.0.0 (clang-1700.0.13.5)]
2025-11-11 03:45:48,151 - root - INFO - 📦 Flask version: 2.3.3
2025-11-11 03:45:48,151 - root - INFO - 🗄️ Initializing database...
2025-11-11 03:45:48,151 - utils.performance_monitor - INFO - Starting operation: Database initialization
2025-11-11 03:45:48,154 - utils.performance_monitor - INFO - Completed operation: Database initialization - Duration: 0.003s
2025-11-11 03:45:48,154 - root - INFO - ✅ Database initialized successfully
2025-11-11 03:45:49,160 - utils.performance_monitor - INFO - System metrics: CPU: 6.6%, Memory: 68.2%, Disk: 4.5%
2025-11-11 03:45:49,161 - root - INFO - ✅ Database initialized successfully
2025-11-11 03:45:49,161 - root - INFO - ✅ Server initialization completed
2025-11-11 03:45:49,227 - services.constraint_service - INFO - ConstraintService initialized with database: /Users/nimrod/Documents/TikTrack/TikTrackApp/Backend/services/../db/simpleTrade_new.db
2025-11-11 03:45:49,239 - services.constraint_service - INFO - ConstraintService initialized with database: /Users/nimrod/Documents/TikTrack/TikTrackApp/Backend/services/../db/simpleTrade_new.db
2025-11-11 03:45:49,247 - services.background_tasks - INFO - Registered background task: condition_evaluation (20m)
2025-11-11 03:45:49,247 - services.condition_evaluation_task - INFO - ✅ Condition evaluation task registered successfully
2025-11-11 03:45:49,247 - root - INFO - ✅ Condition evaluation task registered successfully
2025-11-11 03:45:49,247 - services.background_tasks - INFO - Registered background task: import_sessions_cleanup (1d)
2025-11-11 03:45:49,247 - root - INFO - ✅ Import sessions cleanup task registered successfully
2025-11-11 03:45:49,247 - services.background_tasks - INFO - Registered background task: expire_alerts (1d)
2025-11-11 03:45:49,248 - services.alert_expiry_task - INFO - ✅ Alert expiry task registered successfully
2025-11-11 03:45:49,248 - root - INFO - ✅ Alert expiry task registered successfully
2025-11-11 03:45:49,248 - root - INFO - 🚀 Starting background task scheduler...
2025-11-11 03:45:49,248 - services.background_tasks - INFO - Registered background task: cleanup_expired_data (1d)
2025-11-11 03:45:49,248 - services.background_tasks - INFO - Registered background task: cleanup_cache (1h)
2025-11-11 03:45:49,248 - services.background_tasks - INFO - Registered background task: rotate_logs (1w)
2025-11-11 03:45:49,248 - services.background_tasks - INFO - Registered background task: collect_metrics (30m)
2025-11-11 03:45:49,248 - services.background_tasks - INFO - Registered background task: database_maintenance (1w)
2025-11-11 03:45:49,248 - services.background_tasks - INFO - Registered background task: system_health_check (1h)
2025-11-11 03:45:49,248 - services.background_tasks - INFO - Registered background task: update_closed_tickers_daily (1d)
2025-11-11 03:45:49,248 - services.background_tasks - INFO - Background task scheduler started
2025-11-11 03:45:49,248 - root - INFO - ✅ Background task scheduler started successfully
2025-11-11 03:45:49,286 - cache - INFO - Cache disabled - skipping set for key: services.system_settings_service.get_setting:726a8109542089ad284d4715904e74cb
2025-11-11 03:45:49,286 - root - INFO - 🚀 Starting external data refresh scheduler (enabled by setting)...
2025-11-11 03:45:49,287 - services.data_refresh_scheduler - INFO - Data Refresh Scheduler started
2025-11-11 03:45:49,287 - root - INFO - ✅ External data refresh scheduler started successfully
2025-11-11 03:45:49,296 - services.constraint_service - INFO - ConstraintService initialized with database: /Users/nimrod/Documents/TikTrack/TikTrackApp/Backend/services/../db/simpleTrade_new.db
2025-11-11 03:45:55,584 - root - INFO - 🚀 Starting TikTrack server...
2025-11-11 03:45:55,584 - root - INFO - 📁 Current working directory: /Users/nimrod/Documents/TikTrack/TikTrackApp
2025-11-11 03:45:55,584 - root - INFO - 🐍 Python version: 3.9.6 (default, Apr 30 2025, 02:07:17) 
[Clang 17.0.0 (clang-1700.0.13.5)]
2025-11-11 03:45:55,584 - root - INFO - 📦 Flask version: 2.3.3
2025-11-11 03:45:55,584 - root - INFO - 🗄️ Initializing database...
2025-11-11 03:45:55,585 - utils.performance_monitor - INFO - Starting operation: Database initialization
2025-11-11 03:45:55,587 - utils.performance_monitor - INFO - Completed operation: Database initialization - Duration: 0.003s
2025-11-11 03:45:55,587 - root - INFO - ✅ Database initialized successfully
2025-11-11 03:45:56,593 - utils.performance_monitor - INFO - System metrics: CPU: 4.9%, Memory: 68.5%, Disk: 4.5%
2025-11-11 03:45:56,594 - root - INFO - ✅ Database initialized successfully
2025-11-11 03:45:56,594 - root - INFO - ✅ Server initialization completed
2025-11-11 03:45:56,652 - services.constraint_service - INFO - ConstraintService initialized with database: /Users/nimrod/Documents/TikTrack/TikTrackApp/Backend/services/../db/simpleTrade_new.db
2025-11-11 03:45:56,663 - services.constraint_service - INFO - ConstraintService initialized with database: /Users/nimrod/Documents/TikTrack/TikTrackApp/Backend/services/../db/simpleTrade_new.db
2025-11-11 03:45:56,670 - services.background_tasks - INFO - Registered background task: condition_evaluation (20m)
2025-11-11 03:45:56,670 - services.condition_evaluation_task - INFO - ✅ Condition evaluation task registered successfully
2025-11-11 03:45:56,671 - root - INFO - ✅ Condition evaluation task registered successfully
2025-11-11 03:45:56,671 - services.background_tasks - INFO - Registered background task: import_sessions_cleanup (1d)
2025-11-11 03:45:56,671 - root - INFO - ✅ Import sessions cleanup task registered successfully
2025-11-11 03:45:56,671 - services.background_tasks - INFO - Registered background task: expire_alerts (1d)
2025-11-11 03:45:56,671 - services.alert_expiry_task - INFO - ✅ Alert expiry task registered successfully
2025-11-11 03:45:56,671 - root - INFO - ✅ Alert expiry task registered successfully
2025-11-11 03:45:56,671 - root - INFO - 🚀 Starting background task scheduler...
2025-11-11 03:45:56,671 - services.background_tasks - INFO - Registered background task: cleanup_expired_data (1d)
2025-11-11 03:45:56,671 - services.background_tasks - INFO - Registered background task: cleanup_cache (1h)
2025-11-11 03:45:56,671 - services.background_tasks - INFO - Registered background task: rotate_logs (1w)
2025-11-11 03:45:56,671 - services.background_tasks - INFO - Registered background task: collect_metrics (30m)
2025-11-11 03:45:56,671 - services.background_tasks - INFO - Registered background task: database_maintenance (1w)
2025-11-11 03:45:56,671 - services.background_tasks - INFO - Registered background task: system_health_check (1h)
2025-11-11 03:45:56,671 - services.background_tasks - INFO - Registered background task: update_closed_tickers_daily (1d)
2025-11-11 03:45:56,672 - services.background_tasks - INFO - Background task scheduler started
2025-11-11 03:45:56,672 - root - INFO - ✅ Background task scheduler started successfully
2025-11-11 03:45:56,708 - cache - INFO - Cache disabled - skipping set for key: services.system_settings_service.get_setting:873f9ca0915c1d6cb8c32f98786bde04
2025-11-11 03:45:56,708 - root - INFO - 🚀 Starting external data refresh scheduler (enabled by setting)...
2025-11-11 03:45:56,709 - services.data_refresh_scheduler - INFO - Data Refresh Scheduler started
2025-11-11 03:45:56,710 - root - INFO - ✅ External data refresh scheduler started successfully
2025-11-11 03:45:56,717 - services.constraint_service - INFO - ConstraintService initialized with database: /Users/nimrod/Documents/TikTrack/TikTrackApp/Backend/services/../db/simpleTrade_new.db
2025-11-11 03:46:03,704 - root - INFO - 🚀 Starting TikTrack server...
2025-11-11 03:46:03,705 - root - INFO - 📁 Current working directory: /Users/nimrod/Documents/TikTrack/TikTrackApp
2025-11-11 03:46:03,705 - root - INFO - 🐍 Python version: 3.9.6 (default, Apr 30 2025, 02:07:17) 
[Clang 17.0.0 (clang-1700.0.13.5)]
2025-11-11 03:46:03,705 - root - INFO - 📦 Flask version: 2.3.3
2025-11-11 03:46:03,705 - root - INFO - 🗄️ Initializing database...
2025-11-11 03:46:03,705 - utils.performance_monitor - INFO - Starting operation: Database initialization
2025-11-11 03:46:03,708 - utils.performance_monitor - INFO - Completed operation: Database initialization - Duration: 0.003s
2025-11-11 03:46:03,708 - root - INFO - ✅ Database initialized successfully
2025-11-11 03:46:04,713 - utils.performance_monitor - INFO - System metrics: CPU: 7.2%, Memory: 68.3%, Disk: 4.5%
2025-11-11 03:46:04,714 - root - INFO - ✅ Database initialized successfully
2025-11-11 03:46:04,714 - root - INFO - ✅ Server initialization completed
2025-11-11 03:46:04,769 - services.constraint_service - INFO - ConstraintService initialized with database: /Users/nimrod/Documents/TikTrack/TikTrackApp/Backend/services/../db/simpleTrade_new.db
2025-11-11 03:46:04,780 - services.constraint_service - INFO - ConstraintService initialized with database: /Users/nimrod/Documents/TikTrack/TikTrackApp/Backend/services/../db/simpleTrade_new.db
2025-11-11 03:46:04,787 - services.background_tasks - INFO - Registered background task: condition_evaluation (20m)
2025-11-11 03:46:04,787 - services.condition_evaluation_task - INFO - ✅ Condition evaluation task registered successfully
2025-11-11 03:46:04,787 - root - INFO - ✅ Condition evaluation task registered successfully
2025-11-11 03:46:04,787 - services.background_tasks - INFO - Registered background task: import_sessions_cleanup (1d)
2025-11-11 03:46:04,787 - root - INFO - ✅ Import sessions cleanup task registered successfully
2025-11-11 03:46:04,787 - services.background_tasks - INFO - Registered background task: expire_alerts (1d)
2025-11-11 03:46:04,788 - services.alert_expiry_task - INFO - ✅ Alert expiry task registered successfully
2025-11-11 03:46:04,788 - root - INFO - ✅ Alert expiry task registered successfully
2025-11-11 03:46:04,788 - root - INFO - 🚀 Starting background task scheduler...
2025-11-11 03:46:04,788 - services.background_tasks - INFO - Registered background task: cleanup_expired_data (1d)
2025-11-11 03:46:04,788 - services.background_tasks - INFO - Registered background task: cleanup_cache (1h)
2025-11-11 03:46:04,788 - services.background_tasks - INFO - Registered background task: rotate_logs (1w)
2025-11-11 03:46:04,788 - services.background_tasks - INFO - Registered background task: collect_metrics (30m)
2025-11-11 03:46:04,788 - services.background_tasks - INFO - Registered background task: database_maintenance (1w)
2025-11-11 03:46:04,788 - services.background_tasks - INFO - Registered background task: system_health_check (1h)
2025-11-11 03:46:04,788 - services.background_tasks - INFO - Registered background task: update_closed_tickers_daily (1d)
2025-11-11 03:46:04,788 - services.background_tasks - INFO - Background task scheduler started
2025-11-11 03:46:04,788 - root - INFO - ✅ Background task scheduler started successfully
2025-11-11 03:46:04,823 - cache - INFO - Cache disabled - skipping set for key: services.system_settings_service.get_setting:a2148c75f392c78e150e86a8697fbdb9
2025-11-11 03:46:04,823 - root - INFO - 🚀 Starting external data refresh scheduler (enabled by setting)...
2025-11-11 03:46:04,824 - services.data_refresh_scheduler - INFO - Data Refresh Scheduler started
2025-11-11 03:46:04,824 - root - INFO - ✅ External data refresh scheduler started successfully
2025-11-11 03:46:04,832 - services.constraint_service - INFO - ConstraintService initialized with database: /Users/nimrod/Documents/TikTrack/TikTrackApp/Backend/services/../db/simpleTrade_new.db
2025-11-11 03:46:11,828 - root - INFO - 🚀 Starting TikTrack server...
2025-11-11 03:46:11,828 - root - INFO - 📁 Current working directory: /Users/nimrod/Documents/TikTrack/TikTrackApp
2025-11-11 03:46:11,828 - root - INFO - 🐍 Python version: 3.9.6 (default, Apr 30 2025, 02:07:17) 
[Clang 17.0.0 (clang-1700.0.13.5)]
2025-11-11 03:46:11,828 - root - INFO - 📦 Flask version: 2.3.3
2025-11-11 03:46:11,828 - root - INFO - 🗄️ Initializing database...
2025-11-11 03:46:11,828 - utils.performance_monitor - INFO - Starting operation: Database initialization
2025-11-11 03:46:11,831 - utils.performance_monitor - INFO - Completed operation: Database initialization - Duration: 0.003s
2025-11-11 03:46:11,831 - root - INFO - ✅ Database initialized successfully
2025-11-11 03:46:12,835 - utils.performance_monitor - INFO - System metrics: CPU: 14.2%, Memory: 68.3%, Disk: 4.5%
2025-11-11 03:46:12,835 - root - INFO - ✅ Database initialized successfully
2025-11-11 03:46:12,835 - root - INFO - ✅ Server initialization completed
2025-11-11 03:46:12,869 - services.constraint_service - INFO - ConstraintService initialized with database: /Users/nimrod/Documents/TikTrack/TikTrackApp/Backend/services/../db/simpleTrade_new.db
2025-11-11 03:46:12,879 - services.constraint_service - INFO - ConstraintService initialized with database: /Users/nimrod/Documents/TikTrack/TikTrackApp/Backend/services/../db/simpleTrade_new.db
2025-11-11 03:46:12,886 - services.background_tasks - INFO - Registered background task: condition_evaluation (20m)
2025-11-11 03:46:12,886 - services.condition_evaluation_task - INFO - ✅ Condition evaluation task registered successfully
2025-11-11 03:46:12,886 - root - INFO - ✅ Condition evaluation task registered successfully
2025-11-11 03:46:12,887 - services.background_tasks - INFO - Registered background task: import_sessions_cleanup (1d)
2025-11-11 03:46:12,887 - root - INFO - ✅ Import sessions cleanup task registered successfully
2025-11-11 03:46:12,887 - services.background_tasks - INFO - Registered background task: expire_alerts (1d)
2025-11-11 03:46:12,887 - services.alert_expiry_task - INFO - ✅ Alert expiry task registered successfully
2025-11-11 03:46:12,887 - root - INFO - ✅ Alert expiry task registered successfully
2025-11-11 03:46:12,887 - root - INFO - 🚀 Starting background task scheduler...
2025-11-11 03:46:12,887 - services.background_tasks - INFO - Registered background task: cleanup_expired_data (1d)
2025-11-11 03:46:12,887 - services.background_tasks - INFO - Registered background task: cleanup_cache (1h)
2025-11-11 03:46:12,887 - services.background_tasks - INFO - Registered background task: rotate_logs (1w)
2025-11-11 03:46:12,887 - services.background_tasks - INFO - Registered background task: collect_metrics (30m)
2025-11-11 03:46:12,887 - services.background_tasks - INFO - Registered background task: database_maintenance (1w)
2025-11-11 03:46:12,887 - services.background_tasks - INFO - Registered background task: system_health_check (1h)
2025-11-11 03:46:12,887 - services.background_tasks - INFO - Registered background task: update_closed_tickers_daily (1d)
2025-11-11 03:46:12,888 - services.background_tasks - INFO - Background task scheduler started
2025-11-11 03:46:12,888 - root - INFO - ✅ Background task scheduler started successfully
2025-11-11 03:46:12,925 - cache - INFO - Cache disabled - skipping set for key: services.system_settings_service.get_setting:0c392d944f8b528538de123277dd29fe
2025-11-11 03:46:12,925 - root - INFO - 🚀 Starting external data refresh scheduler (enabled by setting)...
2025-11-11 03:46:12,926 - services.data_refresh_scheduler - INFO - Data Refresh Scheduler started
2025-11-11 03:46:12,926 - root - INFO - ✅ External data refresh scheduler started successfully
2025-11-11 03:46:12,936 - services.constraint_service - INFO - ConstraintService initialized with database: /Users/nimrod/Documents/TikTrack/TikTrackApp/Backend/services/../db/simpleTrade_new.db
2025-11-11 03:46:12,937 - root - INFO - 🔵 HANDLE_DB_SESSION: Wrapping get_trading_accounts, auto_commit=True
2025-11-11 03:46:12,937 - root - INFO - ✅ HANDLE_DB_SESSION: Got database session
2025-11-11 03:46:12,937 - root - INFO - 🟢 HANDLE_DB_SESSION: Calling get_trading_accounts
2025-11-11 03:46:12,938 - routes.api.base_entity.trading_accounts - INFO - Getting all trading_accounts records
2025-11-11 03:46:12,941 - root - INFO - 🟢 HANDLE_DB_SESSION: get_trading_accounts completed
2025-11-11 03:46:12,941 - root - INFO - 🔵 COMMIT: About to commit database transaction
2025-11-11 03:46:12,941 - root - INFO - ✅ COMMIT: Database transaction committed successfully
2025-11-11 03:46:38,261 - root - INFO - 🚀 Starting TikTrack server...
2025-11-11 03:46:38,262 - root - INFO - 📁 Current working directory: /Users/nimrod/Documents/TikTrack/TikTrackApp
2025-11-11 03:46:38,262 - root - INFO - 🐍 Python version: 3.9.6 (default, Apr 30 2025, 02:07:17) 
[Clang 17.0.0 (clang-1700.0.13.5)]
2025-11-11 03:46:38,262 - root - INFO - 📦 Flask version: 2.3.3
2025-11-11 03:46:38,262 - root - INFO - 🗄️ Initializing database...
2025-11-11 03:46:38,262 - utils.performance_monitor - INFO - Starting operation: Database initialization
2025-11-11 03:46:38,265 - utils.performance_monitor - INFO - Completed operation: Database initialization - Duration: 0.003s
2025-11-11 03:46:38,265 - root - INFO - ✅ Database initialized successfully
2025-11-11 03:46:39,270 - utils.performance_monitor - INFO - System metrics: CPU: 25.7%, Memory: 68.0%, Disk: 4.5%
2025-11-11 03:46:39,271 - root - INFO - ✅ Database initialized successfully
2025-11-11 03:46:39,272 - root - INFO - ✅ Server initialization completed
2025-11-11 03:46:39,333 - services.constraint_service - INFO - ConstraintService initialized with database: /Users/nimrod/Documents/TikTrack/TikTrackApp/Backend/services/../db/simpleTrade_new.db
2025-11-11 03:46:39,344 - services.constraint_service - INFO - ConstraintService initialized with database: /Users/nimrod/Documents/TikTrack/TikTrackApp/Backend/services/../db/simpleTrade_new.db
2025-11-11 03:46:39,351 - services.background_tasks - INFO - Registered background task: condition_evaluation (20m)
2025-11-11 03:46:39,351 - services.condition_evaluation_task - INFO - ✅ Condition evaluation task registered successfully
2025-11-11 03:46:39,351 - root - INFO - ✅ Condition evaluation task registered successfully
2025-11-11 03:46:39,352 - services.background_tasks - INFO - Registered background task: import_sessions_cleanup (1d)
2025-11-11 03:46:39,352 - root - INFO - ✅ Import sessions cleanup task registered successfully
2025-11-11 03:46:39,352 - services.background_tasks - INFO - Registered background task: expire_alerts (1d)
2025-11-11 03:46:39,352 - services.alert_expiry_task - INFO - ✅ Alert expiry task registered successfully
2025-11-11 03:46:39,352 - root - INFO - ✅ Alert expiry task registered successfully
2025-11-11 03:46:39,352 - root - INFO - 🚀 Starting background task scheduler...
2025-11-11 03:46:39,352 - services.background_tasks - INFO - Registered background task: cleanup_expired_data (1d)
2025-11-11 03:46:39,352 - services.background_tasks - INFO - Registered background task: cleanup_cache (1h)
2025-11-11 03:46:39,352 - services.background_tasks - INFO - Registered background task: rotate_logs (1w)
2025-11-11 03:46:39,352 - services.background_tasks - INFO - Registered background task: collect_metrics (30m)
2025-11-11 03:46:39,352 - services.background_tasks - INFO - Registered background task: database_maintenance (1w)
2025-11-11 03:46:39,352 - services.background_tasks - INFO - Registered background task: system_health_check (1h)
2025-11-11 03:46:39,352 - services.background_tasks - INFO - Registered background task: update_closed_tickers_daily (1d)
2025-11-11 03:46:39,353 - services.background_tasks - INFO - Background task scheduler started
2025-11-11 03:46:39,353 - root - INFO - ✅ Background task scheduler started successfully
2025-11-11 03:46:39,388 - cache - INFO - Cache disabled - skipping set for key: services.system_settings_service.get_setting:95227ea87719bac41b1b8a1f3e603dd1
2025-11-11 03:46:39,388 - root - INFO - 🚀 Starting external data refresh scheduler (enabled by setting)...
2025-11-11 03:46:39,389 - services.data_refresh_scheduler - INFO - Data Refresh Scheduler started
2025-11-11 03:46:39,389 - root - INFO - ✅ External data refresh scheduler started successfully
2025-11-11 03:46:39,398 - services.constraint_service - INFO - ConstraintService initialized with database: /Users/nimrod/Documents/TikTrack/TikTrackApp/Backend/services/../db/simpleTrade_new.db
2025-11-11 03:46:39,400 - services.user_data_import.import_orchestrator - ERROR - Failed to get import history: (sqlite3.OperationalError) no such column: import_sessions.connector_type
[SQL: SELECT import_sessions.trading_account_id AS import_sessions_trading_account_id, import_sessions.provider AS import_sessions_provider, import_sessions.connector_type AS import_sessions_connector_type, import_sessions.task_type AS import_sessions_task_type, import_sessions.file_name AS import_sessions_file_name, import_sessions.total_records AS import_sessions_total_records, import_sessions.imported_records AS import_sessions_imported_records, import_sessions.skipped_records AS import_sessions_skipped_records, import_sessions.status AS import_sessions_status, import_sessions.summary_data AS import_sessions_summary_data, import_sessions.completed_at AS import_sessions_completed_at, import_sessions.id AS import_sessions_id, import_sessions.created_at AS import_sessions_created_at 
FROM import_sessions 
WHERE import_sessions.trading_account_id = ? ORDER BY import_sessions.created_at DESC
 LIMIT ? OFFSET ?]
[parameters: (1, 10, 0)]
(Background on this error at: https://sqlalche.me/e/20/e3q8)
