2025-11-12 13:23:10,450 - Backend.routes.external_data.status - ERROR - Error in clear_data_logs: (sqlite3.OperationalError) no such table: data_refresh_logs
[SQL: DELETE FROM data_refresh_logs]
(Background on this error at: https://sqlalche.me/e/20/e3q8)
2025-11-12 13:23:10,450 - Backend.routes.external_data.status - ERROR - Error in clear_data_logs: (sqlite3.OperationalError) no such table: data_refresh_logs
[SQL: DELETE FROM data_refresh_logs]
(Background on this error at: https://sqlalche.me/e/20/e3q8)
2025-11-12 13:24:29,085 - services.position_calculator_service - ERROR - Error calculating position for trade 1: Database error
2025-11-12 13:24:29,085 - services.position_calculator_service - ERROR - Error calculating position for trade 1: Database error
2025-11-12 13:24:29,086 - services.position_calculator_service - ERROR - Error calculating batch positions: Database error
2025-11-12 13:24:29,086 - services.position_calculator_service - ERROR - Error calculating batch positions: Database error
2025-11-12 13:24:29,145 - routes.api.entity_details - ERROR - Error getting entity details for trade 1: Object of type MagicMock is not JSON serializable
2025-11-12 13:24:29,145 - routes.api.entity_details - ERROR - Error getting entity details for trade 1: Object of type MagicMock is not JSON serializable
2025-11-12 13:24:29,159 - services.external_data.cache_manager - ERROR - Error loading settings from preferences: get_user_preferences() missing 1 required positional argument: 'user_id', using defaults
2025-11-12 13:24:29,159 - services.external_data.cache_manager - ERROR - Error loading settings from preferences: get_user_preferences() missing 1 required positional argument: 'user_id', using defaults
2025-11-12 13:29:03,778 - services.position_calculator_service - ERROR - Error calculating position for trade 1: Database error
2025-11-12 13:29:03,778 - services.position_calculator_service - ERROR - Error calculating position for trade 1: Database error
2025-11-12 13:29:03,779 - services.position_calculator_service - ERROR - Error calculating batch positions: Database error
2025-11-12 13:29:03,779 - services.position_calculator_service - ERROR - Error calculating batch positions: Database error
2025-11-12 13:29:03,836 - routes.api.entity_details - ERROR - Error getting entity details for trade 1: Object of type MagicMock is not JSON serializable
2025-11-12 13:29:03,836 - routes.api.entity_details - ERROR - Error getting entity details for trade 1: Object of type MagicMock is not JSON serializable
2025-11-12 13:29:03,850 - services.external_data.cache_manager - ERROR - Error loading settings from preferences: get_user_preferences() missing 1 required positional argument: 'user_id', using defaults
2025-11-12 13:29:03,850 - services.external_data.cache_manager - ERROR - Error loading settings from preferences: get_user_preferences() missing 1 required positional argument: 'user_id', using defaults
