2025-10-13 20:55:24,281 - external_data - INFO - external_data: action=batch_start symbols_total=3 batches=1 start=2025-10-13T17:55:24.281854+00:00
2025-10-13 20:55:24,281 - external_data - INFO - external_data: action=batch_fetch batch_num=1 size=3 symbols=GOOGL,AMZN,TSLA
2025-10-13 20:55:25,030 - external_data - INFO - external_data: action=batch_end symbols_total=3 quotes_total=3 duration_ms=749
2025-10-13 20:55:25,041 - external_data - INFO - external_data: action=batch_start symbols_total=7 batches=1 start=2025-10-13T17:55:25.041583+00:00
2025-10-13 20:55:25,041 - external_data - INFO - external_data: action=batch_fetch batch_num=1 size=7 symbols=,TEST123,TEST999,TEST777,TEST666,UNIQUE123,TEST8962
2025-10-13 20:55:49,149 - external_data - INFO - external_data: action=batch_end symbols_total=7 quotes_total=0 duration_ms=24107
2025-10-13 20:56:49,159 - external_data - INFO - external_data: action=batch_start symbols_total=7 batches=1 start=2025-10-13T17:56:49.159881+00:00
2025-10-13 20:56:49,160 - external_data - INFO - external_data: action=batch_fetch batch_num=1 size=7 symbols=,TEST123,TEST999,TEST777,TEST666,UNIQUE123,TEST8962
2025-10-13 20:57:12,929 - external_data - INFO - external_data: action=batch_end symbols_total=7 quotes_total=0 duration_ms=23769
2025-10-13 20:58:12,949 - external_data - INFO - external_data: action=batch_start symbols_total=7 batches=1 start=2025-10-13T17:58:12.948924+00:00
2025-10-13 20:58:12,949 - external_data - INFO - external_data: action=batch_fetch batch_num=1 size=7 symbols=,TEST123,TEST999,TEST777,TEST666,UNIQUE123,TEST8962
2025-10-13 20:58:36,815 - external_data - INFO - external_data: action=batch_end symbols_total=7 quotes_total=0 duration_ms=23866
2025-10-13 20:59:36,829 - external_data - INFO - external_data: action=batch_start symbols_total=7 batches=1 start=2025-10-13T17:59:36.829780+00:00
2025-10-13 20:59:36,830 - external_data - INFO - external_data: action=batch_fetch batch_num=1 size=7 symbols=,TEST123,TEST999,TEST777,TEST666,UNIQUE123,TEST8962
2025-10-13 21:00:00,825 - external_data - INFO - external_data: action=batch_end symbols_total=7 quotes_total=0 duration_ms=23995
2025-10-13 21:01:00,834 - external_data - INFO - external_data: action=batch_start symbols_total=3 batches=1 start=2025-10-13T18:01:00.834784+00:00
2025-10-13 21:01:00,834 - external_data - INFO - external_data: action=batch_fetch batch_num=1 size=3 symbols=GOOGL,AMZN,TSLA
2025-10-13 21:01:01,297 - external_data - INFO - external_data: action=batch_end symbols_total=3 quotes_total=3 duration_ms=462
2025-10-13 21:01:01,301 - external_data - INFO - external_data: action=batch_start symbols_total=7 batches=1 start=2025-10-13T18:01:01.301925+00:00
2025-10-13 21:01:01,301 - external_data - INFO - external_data: action=batch_fetch batch_num=1 size=7 symbols=,TEST123,TEST999,TEST777,TEST666,UNIQUE123,TEST8962
2025-10-13 21:01:25,208 - external_data - INFO - external_data: action=batch_end symbols_total=7 quotes_total=0 duration_ms=23906
2025-10-13 21:02:25,220 - external_data - INFO - external_data: action=batch_start symbols_total=7 batches=1 start=2025-10-13T18:02:25.220550+00:00
2025-10-13 21:02:25,220 - external_data - INFO - external_data: action=batch_fetch batch_num=1 size=7 symbols=,TEST123,TEST999,TEST777,TEST666,UNIQUE123,TEST8962
2025-10-13 21:02:49,102 - external_data - INFO - external_data: action=batch_end symbols_total=7 quotes_total=0 duration_ms=23882
2025-10-13 21:03:49,118 - external_data - INFO - external_data: action=batch_start symbols_total=7 batches=1 start=2025-10-13T18:03:49.117916+00:00
2025-10-13 21:03:49,118 - external_data - INFO - external_data: action=batch_fetch batch_num=1 size=7 symbols=,TEST123,TEST999,TEST777,TEST666,UNIQUE123,TEST8962
2025-10-13 21:04:13,216 - external_data - INFO - external_data: action=batch_end symbols_total=7 quotes_total=0 duration_ms=24098
2025-10-13 21:05:13,236 - external_data - INFO - external_data: action=batch_start symbols_total=7 batches=1 start=2025-10-13T18:05:13.236356+00:00
2025-10-13 21:05:13,236 - external_data - INFO - external_data: action=batch_fetch batch_num=1 size=7 symbols=,TEST123,TEST999,TEST777,TEST666,UNIQUE123,TEST8962
2025-10-13 21:05:37,290 - external_data - INFO - external_data: action=batch_end symbols_total=7 quotes_total=0 duration_ms=24053
2025-10-13 21:06:37,307 - external_data - INFO - external_data: action=batch_start symbols_total=3 batches=1 start=2025-10-13T18:06:37.307491+00:00
2025-10-13 21:06:37,307 - external_data - INFO - external_data: action=batch_fetch batch_num=1 size=3 symbols=GOOGL,AMZN,TSLA
2025-10-13 21:06:37,948 - external_data - INFO - external_data: action=batch_end symbols_total=3 quotes_total=3 duration_ms=640
2025-10-13 21:06:37,960 - external_data - INFO - external_data: action=batch_start symbols_total=7 batches=1 start=2025-10-13T18:06:37.960250+00:00
2025-10-13 21:06:37,960 - external_data - INFO - external_data: action=batch_fetch batch_num=1 size=7 symbols=,TEST123,TEST999,TEST777,TEST666,UNIQUE123,TEST8962
2025-10-13 21:07:02,008 - external_data - INFO - external_data: action=batch_end symbols_total=7 quotes_total=0 duration_ms=24048
2025-10-13 21:08:01,997 - external_data - INFO - external_data: action=batch_start symbols_total=7 batches=1 start=2025-10-13T18:08:01.997546+00:00
2025-10-13 21:08:01,997 - external_data - INFO - external_data: action=batch_fetch batch_num=1 size=7 symbols=,TEST123,TEST999,TEST777,TEST666,UNIQUE123,TEST8962
2025-10-13 21:08:25,766 - external_data - INFO - external_data: action=batch_end symbols_total=7 quotes_total=0 duration_ms=23768
2025-10-13 21:09:25,777 - external_data - INFO - external_data: action=batch_start symbols_total=7 batches=1 start=2025-10-13T18:09:25.777638+00:00
2025-10-13 21:09:25,777 - external_data - INFO - external_data: action=batch_fetch batch_num=1 size=7 symbols=,TEST123,TEST999,TEST777,TEST666,UNIQUE123,TEST8962
2025-10-13 21:09:49,712 - external_data - INFO - external_data: action=batch_end symbols_total=7 quotes_total=0 duration_ms=23934
2025-10-13 21:10:49,725 - external_data - INFO - external_data: action=batch_start symbols_total=7 batches=1 start=2025-10-13T18:10:49.725350+00:00
2025-10-13 21:10:49,725 - external_data - INFO - external_data: action=batch_fetch batch_num=1 size=7 symbols=,TEST123,TEST999,TEST777,TEST666,UNIQUE123,TEST8962
2025-10-13 21:11:36,799 - external_data - INFO - external_data: action=batch_end symbols_total=7 quotes_total=0 duration_ms=47074
2025-10-13 21:12:36,819 - external_data - INFO - external_data: action=batch_start symbols_total=3 batches=1 start=2025-10-13T18:12:36.819321+00:00
2025-10-13 21:12:36,819 - external_data - INFO - external_data: action=batch_fetch batch_num=1 size=3 symbols=GOOGL,AMZN,TSLA
2025-10-13 21:12:37,361 - external_data - INFO - external_data: action=batch_end symbols_total=3 quotes_total=3 duration_ms=541
2025-10-13 21:12:37,370 - external_data - INFO - external_data: action=batch_start symbols_total=7 batches=1 start=2025-10-13T18:12:37.370137+00:00
2025-10-13 21:12:37,370 - external_data - INFO - external_data: action=batch_fetch batch_num=1 size=7 symbols=,TEST123,TEST999,TEST777,TEST666,UNIQUE123,TEST8962
2025-10-13 21:13:01,155 - external_data - INFO - external_data: action=batch_end symbols_total=7 quotes_total=0 duration_ms=23785
2025-10-13 21:14:01,164 - external_data - INFO - external_data: action=batch_start symbols_total=7 batches=1 start=2025-10-13T18:14:01.164783+00:00
2025-10-13 21:14:01,164 - external_data - INFO - external_data: action=batch_fetch batch_num=1 size=7 symbols=,TEST123,TEST999,TEST777,TEST666,UNIQUE123,TEST8962
2025-10-13 21:14:45,264 - external_data - INFO - external_data: action=batch_end symbols_total=7 quotes_total=0 duration_ms=44099
2025-10-13 21:15:45,278 - external_data - INFO - external_data: action=batch_start symbols_total=7 batches=1 start=2025-10-13T18:15:45.278684+00:00
2025-10-13 21:15:45,278 - external_data - INFO - external_data: action=batch_fetch batch_num=1 size=7 symbols=,TEST123,TEST999,TEST777,TEST666,UNIQUE123,TEST8962
2025-10-13 21:16:09,639 - external_data - INFO - external_data: action=batch_end symbols_total=7 quotes_total=0 duration_ms=24360
2025-10-13 21:17:09,654 - external_data - INFO - external_data: action=batch_start symbols_total=7 batches=1 start=2025-10-13T18:17:09.654339+00:00
2025-10-13 21:17:09,654 - external_data - INFO - external_data: action=batch_fetch batch_num=1 size=7 symbols=,TEST123,TEST999,TEST777,TEST666,UNIQUE123,TEST8962
2025-10-13 21:17:33,770 - external_data - INFO - external_data: action=batch_end symbols_total=7 quotes_total=0 duration_ms=24116
2025-10-13 21:18:33,787 - external_data - INFO - external_data: action=batch_start symbols_total=3 batches=1 start=2025-10-13T18:18:33.786927+00:00
2025-10-13 21:18:33,787 - external_data - INFO - external_data: action=batch_fetch batch_num=1 size=3 symbols=GOOGL,AMZN,TSLA
2025-10-13 21:18:34,374 - external_data - INFO - external_data: action=batch_end symbols_total=3 quotes_total=3 duration_ms=587
2025-10-13 21:18:34,383 - external_data - INFO - external_data: action=batch_start symbols_total=7 batches=1 start=2025-10-13T18:18:34.383687+00:00
2025-10-13 21:18:34,383 - external_data - INFO - external_data: action=batch_fetch batch_num=1 size=7 symbols=,TEST123,TEST999,TEST777,TEST666,UNIQUE123,TEST8962
2025-10-13 21:18:58,399 - external_data - INFO - external_data: action=batch_end symbols_total=7 quotes_total=0 duration_ms=24016
2025-10-13 21:19:58,415 - external_data - INFO - external_data: action=batch_start symbols_total=7 batches=1 start=2025-10-13T18:19:58.414989+00:00
2025-10-13 21:19:58,415 - external_data - INFO - external_data: action=batch_fetch batch_num=1 size=7 symbols=,TEST123,TEST999,TEST777,TEST666,UNIQUE123,TEST8962
2025-10-13 21:20:22,352 - external_data - INFO - external_data: action=batch_end symbols_total=7 quotes_total=0 duration_ms=23937
2025-10-13 21:21:22,366 - external_data - INFO - external_data: action=batch_start symbols_total=7 batches=1 start=2025-10-13T18:21:22.366758+00:00
2025-10-13 21:21:22,366 - external_data - INFO - external_data: action=batch_fetch batch_num=1 size=7 symbols=,TEST123,TEST999,TEST777,TEST666,UNIQUE123,TEST8962
2025-10-13 21:21:46,270 - external_data - INFO - external_data: action=batch_end symbols_total=7 quotes_total=0 duration_ms=23903
2025-10-13 21:22:46,284 - external_data - INFO - external_data: action=batch_start symbols_total=7 batches=1 start=2025-10-13T18:22:46.284778+00:00
2025-10-13 21:22:46,285 - external_data - INFO - external_data: action=batch_fetch batch_num=1 size=7 symbols=,TEST123,TEST999,TEST777,TEST666,UNIQUE123,TEST8962
2025-10-13 21:23:10,321 - external_data - INFO - external_data: action=batch_end symbols_total=7 quotes_total=0 duration_ms=24036
2025-10-13 21:24:10,317 - external_data - INFO - external_data: action=batch_start symbols_total=3 batches=1 start=2025-10-13T18:24:10.317024+00:00
2025-10-13 21:24:10,317 - external_data - INFO - external_data: action=batch_fetch batch_num=1 size=3 symbols=GOOGL,AMZN,TSLA
2025-10-13 21:24:10,808 - external_data - INFO - external_data: action=batch_end symbols_total=3 quotes_total=3 duration_ms=491
2025-10-13 21:24:10,814 - external_data - INFO - external_data: action=batch_start symbols_total=7 batches=1 start=2025-10-13T18:24:10.814383+00:00
2025-10-13 21:24:10,814 - external_data - INFO - external_data: action=batch_fetch batch_num=1 size=7 symbols=,TEST123,TEST999,TEST777,TEST666,UNIQUE123,TEST8962
2025-10-13 21:24:34,922 - external_data - INFO - external_data: action=batch_end symbols_total=7 quotes_total=0 duration_ms=24107
2025-10-13 21:25:34,936 - external_data - INFO - external_data: action=batch_start symbols_total=7 batches=1 start=2025-10-13T18:25:34.936372+00:00
2025-10-13 21:25:34,936 - external_data - INFO - external_data: action=batch_fetch batch_num=1 size=7 symbols=,TEST123,TEST999,TEST777,TEST666,UNIQUE123,TEST8962
2025-10-13 21:25:59,160 - external_data - INFO - external_data: action=batch_end symbols_total=7 quotes_total=0 duration_ms=24224
2025-10-13 21:26:59,173 - external_data - INFO - external_data: action=batch_start symbols_total=7 batches=1 start=2025-10-13T18:26:59.173210+00:00
2025-10-13 21:26:59,173 - external_data - INFO - external_data: action=batch_fetch batch_num=1 size=7 symbols=,TEST123,TEST999,TEST777,TEST666,UNIQUE123,TEST8962
2025-10-13 21:27:23,204 - external_data - INFO - external_data: action=batch_end symbols_total=7 quotes_total=0 duration_ms=24031
2025-10-13 21:28:23,222 - external_data - INFO - external_data: action=batch_start symbols_total=7 batches=1 start=2025-10-13T18:28:23.222254+00:00
2025-10-13 21:28:23,222 - external_data - INFO - external_data: action=batch_fetch batch_num=1 size=7 symbols=,TEST123,TEST999,TEST777,TEST666,UNIQUE123,TEST8962
2025-10-13 21:28:47,132 - external_data - INFO - external_data: action=batch_end symbols_total=7 quotes_total=0 duration_ms=23910
2025-10-13 21:29:47,144 - external_data - INFO - external_data: action=batch_start symbols_total=3 batches=1 start=2025-10-13T18:29:47.144908+00:00
2025-10-13 21:29:47,145 - external_data - INFO - external_data: action=batch_fetch batch_num=1 size=3 symbols=GOOGL,AMZN,TSLA
2025-10-13 21:29:47,679 - external_data - INFO - external_data: action=batch_end symbols_total=3 quotes_total=3 duration_ms=534
2025-10-13 21:29:47,690 - external_data - INFO - external_data: action=batch_start symbols_total=7 batches=1 start=2025-10-13T18:29:47.690158+00:00
2025-10-13 21:29:47,690 - external_data - INFO - external_data: action=batch_fetch batch_num=1 size=7 symbols=,TEST123,TEST999,TEST777,TEST666,UNIQUE123,TEST8962
2025-10-13 21:30:11,818 - external_data - INFO - external_data: action=batch_end symbols_total=7 quotes_total=0 duration_ms=24128
2025-10-13 21:31:11,837 - external_data - INFO - external_data: action=batch_start symbols_total=7 batches=1 start=2025-10-13T18:31:11.837702+00:00
2025-10-13 21:31:11,837 - external_data - INFO - external_data: action=batch_fetch batch_num=1 size=7 symbols=,TEST123,TEST999,TEST777,TEST666,UNIQUE123,TEST8962
2025-10-13 21:31:36,168 - external_data - INFO - external_data: action=batch_end symbols_total=7 quotes_total=0 duration_ms=24331
2025-10-13 21:32:36,184 - external_data - INFO - external_data: action=batch_start symbols_total=7 batches=1 start=2025-10-13T18:32:36.183926+00:00
2025-10-13 21:32:36,184 - external_data - INFO - external_data: action=batch_fetch batch_num=1 size=7 symbols=,TEST123,TEST999,TEST777,TEST666,UNIQUE123,TEST8962
2025-10-13 21:33:00,490 - external_data - INFO - external_data: action=batch_end symbols_total=7 quotes_total=0 duration_ms=24306
2025-10-13 21:34:00,506 - external_data - INFO - external_data: action=batch_start symbols_total=7 batches=1 start=2025-10-13T18:34:00.506777+00:00
2025-10-13 21:34:00,507 - external_data - INFO - external_data: action=batch_fetch batch_num=1 size=7 symbols=,TEST123,TEST999,TEST777,TEST666,UNIQUE123,TEST8962
2025-10-13 21:34:24,541 - external_data - INFO - external_data: action=batch_end symbols_total=7 quotes_total=0 duration_ms=24034
2025-10-13 21:35:24,563 - external_data - INFO - external_data: action=batch_start symbols_total=3 batches=1 start=2025-10-13T18:35:24.563651+00:00
2025-10-13 21:35:24,564 - external_data - INFO - external_data: action=batch_fetch batch_num=1 size=3 symbols=GOOGL,AMZN,TSLA
2025-10-13 21:35:25,100 - external_data - INFO - external_data: action=batch_end symbols_total=3 quotes_total=3 duration_ms=536
2025-10-13 21:35:25,112 - external_data - INFO - external_data: action=batch_start symbols_total=7 batches=1 start=2025-10-13T18:35:25.112629+00:00
2025-10-13 21:35:25,112 - external_data - INFO - external_data: action=batch_fetch batch_num=1 size=7 symbols=,TEST123,TEST999,TEST777,TEST666,UNIQUE123,TEST8962
2025-10-13 21:35:49,296 - external_data - INFO - external_data: action=batch_end symbols_total=7 quotes_total=0 duration_ms=24183
2025-10-13 21:36:49,317 - external_data - INFO - external_data: action=batch_start symbols_total=7 batches=1 start=2025-10-13T18:36:49.317754+00:00
2025-10-13 21:36:49,317 - external_data - INFO - external_data: action=batch_fetch batch_num=1 size=7 symbols=,TEST123,TEST999,TEST777,TEST666,UNIQUE123,TEST8962
2025-10-13 21:37:13,623 - external_data - INFO - external_data: action=batch_end symbols_total=7 quotes_total=0 duration_ms=24305
2025-10-13 21:38:13,644 - external_data - INFO - external_data: action=batch_start symbols_total=12 batches=1 start=2025-10-13T18:38:13.644827+00:00
2025-10-13 21:38:13,645 - external_data - INFO - external_data: action=batch_fetch batch_num=1 size=12 symbols=MSFT,NVDA,META,NFLX,SPY,,TEST123,TEST999,TEST777,TEST666,UNIQUE123,TEST8962
2025-10-13 21:38:38,347 - external_data - INFO - external_data: action=batch_end symbols_total=12 quotes_total=5 duration_ms=24702
2025-10-13 21:39:38,406 - external_data - INFO - external_data: action=batch_start symbols_total=7 batches=1 start=2025-10-13T18:39:38.406173+00:00
2025-10-13 21:39:38,406 - external_data - INFO - external_data: action=batch_fetch batch_num=1 size=7 symbols=,TEST123,TEST999,TEST777,TEST666,UNIQUE123,TEST8962
2025-10-13 21:40:02,529 - external_data - INFO - external_data: action=batch_end symbols_total=7 quotes_total=0 duration_ms=24123
2025-10-13 21:41:02,549 - external_data - INFO - external_data: action=batch_start symbols_total=3 batches=1 start=2025-10-13T18:41:02.548928+00:00
2025-10-13 21:41:02,549 - external_data - INFO - external_data: action=batch_fetch batch_num=1 size=3 symbols=GOOGL,AMZN,TSLA
2025-10-13 21:41:03,078 - external_data - INFO - external_data: action=batch_end symbols_total=3 quotes_total=3 duration_ms=529
2025-10-13 21:41:03,095 - external_data - INFO - external_data: action=batch_start symbols_total=7 batches=1 start=2025-10-13T18:41:03.095175+00:00
2025-10-13 21:41:03,095 - external_data - INFO - external_data: action=batch_fetch batch_num=1 size=7 symbols=,TEST123,TEST999,TEST777,TEST666,UNIQUE123,TEST8962
2025-10-13 21:41:27,070 - external_data - INFO - external_data: action=batch_end symbols_total=7 quotes_total=0 duration_ms=23975
2025-10-13 21:42:27,094 - external_data - INFO - external_data: action=batch_start symbols_total=7 batches=1 start=2025-10-13T18:42:27.094711+00:00
2025-10-13 21:42:27,094 - external_data - INFO - external_data: action=batch_fetch batch_num=1 size=7 symbols=,TEST123,TEST999,TEST777,TEST666,UNIQUE123,TEST8962
2025-10-13 21:43:15,976 - external_data - INFO - external_data: action=batch_end symbols_total=7 quotes_total=0 duration_ms=48882
2025-10-13 21:44:15,995 - external_data - INFO - external_data: action=batch_start symbols_total=7 batches=1 start=2025-10-13T18:44:15.994965+00:00
2025-10-13 21:44:15,995 - external_data - INFO - external_data: action=batch_fetch batch_num=1 size=7 symbols=,TEST123,TEST999,TEST777,TEST666,UNIQUE123,TEST8962
2025-10-13 21:44:40,159 - external_data - INFO - external_data: action=batch_end symbols_total=7 quotes_total=0 duration_ms=24164
2025-10-13 21:45:40,175 - external_data - INFO - external_data: action=batch_start symbols_total=7 batches=1 start=2025-10-13T18:45:40.175184+00:00
2025-10-13 21:45:40,175 - external_data - INFO - external_data: action=batch_fetch batch_num=1 size=7 symbols=,TEST123,TEST999,TEST777,TEST666,UNIQUE123,TEST8962
2025-10-13 21:46:04,130 - external_data - INFO - external_data: action=batch_end symbols_total=7 quotes_total=0 duration_ms=23955
2025-10-13 21:47:04,145 - external_data - INFO - external_data: action=batch_start symbols_total=3 batches=1 start=2025-10-13T18:47:04.145056+00:00
2025-10-13 21:47:04,145 - external_data - INFO - external_data: action=batch_fetch batch_num=1 size=3 symbols=GOOGL,AMZN,TSLA
2025-10-13 21:47:04,643 - external_data - INFO - external_data: action=batch_end symbols_total=3 quotes_total=3 duration_ms=498
2025-10-13 21:47:04,649 - external_data - INFO - external_data: action=batch_start symbols_total=7 batches=1 start=2025-10-13T18:47:04.649604+00:00
2025-10-13 21:47:04,649 - external_data - INFO - external_data: action=batch_fetch batch_num=1 size=7 symbols=,TEST123,TEST999,TEST777,TEST666,UNIQUE123,TEST8962
2025-10-13 21:47:28,811 - external_data - INFO - external_data: action=batch_end symbols_total=7 quotes_total=0 duration_ms=24162
2025-10-13 21:47:34,337 - external_data - INFO - external_data: action=batch_start symbols_total=7 batches=1 start=2025-10-13T18:47:34.337391+00:00
2025-10-13 21:47:34,337 - external_data - INFO - external_data: action=batch_fetch batch_num=1 size=7 symbols=,TEST123,TEST999,TEST777,TEST666,UNIQUE123,TEST8962
2025-10-13 21:47:58,513 - external_data - INFO - external_data: action=batch_end symbols_total=7 quotes_total=0 duration_ms=24175
2025-10-13 21:48:58,527 - external_data - INFO - external_data: action=batch_start symbols_total=7 batches=1 start=2025-10-13T18:48:58.527887+00:00
2025-10-13 21:48:58,528 - external_data - INFO - external_data: action=batch_fetch batch_num=1 size=7 symbols=,TEST123,TEST999,TEST777,TEST666,UNIQUE123,TEST8962
2025-10-13 21:49:22,248 - external_data - INFO - external_data: action=batch_end symbols_total=7 quotes_total=0 duration_ms=23720
2025-10-13 21:50:22,262 - external_data - INFO - external_data: action=batch_start symbols_total=7 batches=1 start=2025-10-13T18:50:22.262457+00:00
2025-10-13 21:50:22,262 - external_data - INFO - external_data: action=batch_fetch batch_num=1 size=7 symbols=,TEST123,TEST999,TEST777,TEST666,UNIQUE123,TEST8962
2025-10-13 21:50:46,022 - external_data - INFO - external_data: action=batch_end symbols_total=7 quotes_total=0 duration_ms=23760
2025-10-13 21:51:46,038 - external_data - INFO - external_data: action=batch_start symbols_total=7 batches=1 start=2025-10-13T18:51:46.038540+00:00
2025-10-13 21:51:46,038 - external_data - INFO - external_data: action=batch_fetch batch_num=1 size=7 symbols=,TEST123,TEST999,TEST777,TEST666,UNIQUE123,TEST8962
2025-10-13 21:52:09,918 - external_data - INFO - external_data: action=batch_end symbols_total=7 quotes_total=0 duration_ms=23879
2025-10-13 21:53:09,930 - external_data - INFO - external_data: action=batch_start symbols_total=3 batches=1 start=2025-10-13T18:53:09.930434+00:00
2025-10-13 21:53:09,930 - external_data - INFO - external_data: action=batch_fetch batch_num=1 size=3 symbols=GOOGL,AMZN,TSLA
2025-10-13 21:53:10,473 - external_data - INFO - external_data: action=batch_end symbols_total=3 quotes_total=3 duration_ms=542
2025-10-13 21:53:10,490 - external_data - INFO - external_data: action=batch_start symbols_total=7 batches=1 start=2025-10-13T18:53:10.490050+00:00
2025-10-13 21:53:10,490 - external_data - INFO - external_data: action=batch_fetch batch_num=1 size=7 symbols=,TEST123,TEST999,TEST777,TEST666,UNIQUE123,TEST8962
2025-10-13 21:53:34,459 - external_data - INFO - external_data: action=batch_end symbols_total=7 quotes_total=0 duration_ms=23969
2025-10-13 21:54:34,477 - external_data - INFO - external_data: action=batch_start symbols_total=7 batches=1 start=2025-10-13T18:54:34.477800+00:00
2025-10-13 21:54:34,478 - external_data - INFO - external_data: action=batch_fetch batch_num=1 size=7 symbols=,TEST123,TEST999,TEST777,TEST666,UNIQUE123,TEST8962
2025-10-13 21:54:58,428 - external_data - INFO - external_data: action=batch_end symbols_total=7 quotes_total=0 duration_ms=23950
2025-10-13 21:55:58,447 - external_data - INFO - external_data: action=batch_start symbols_total=7 batches=1 start=2025-10-13T18:55:58.447623+00:00
2025-10-13 21:55:58,447 - external_data - INFO - external_data: action=batch_fetch batch_num=1 size=7 symbols=,TEST123,TEST999,TEST777,TEST666,UNIQUE123,TEST8962
2025-10-13 21:56:22,213 - external_data - INFO - external_data: action=batch_end symbols_total=7 quotes_total=0 duration_ms=23766
2025-10-13 21:57:22,231 - external_data - INFO - external_data: action=batch_start symbols_total=7 batches=1 start=2025-10-13T18:57:22.231320+00:00
2025-10-13 21:57:22,231 - external_data - INFO - external_data: action=batch_fetch batch_num=1 size=7 symbols=,TEST123,TEST999,TEST777,TEST666,UNIQUE123,TEST8962
2025-10-13 21:57:46,093 - external_data - INFO - external_data: action=batch_end symbols_total=7 quotes_total=0 duration_ms=23861
2025-10-13 21:58:46,110 - external_data - INFO - external_data: action=batch_start symbols_total=3 batches=1 start=2025-10-13T18:58:46.110282+00:00
2025-10-13 21:58:46,110 - external_data - INFO - external_data: action=batch_fetch batch_num=1 size=3 symbols=GOOGL,AMZN,TSLA
2025-10-13 21:58:46,628 - external_data - INFO - external_data: action=batch_end symbols_total=3 quotes_total=3 duration_ms=518
2025-10-13 21:58:46,638 - external_data - INFO - external_data: action=batch_start symbols_total=7 batches=1 start=2025-10-13T18:58:46.638364+00:00
2025-10-13 21:58:46,638 - external_data - INFO - external_data: action=batch_fetch batch_num=1 size=7 symbols=,TEST123,TEST999,TEST777,TEST666,UNIQUE123,TEST8962
2025-10-13 21:59:10,583 - external_data - INFO - external_data: action=batch_end symbols_total=7 quotes_total=0 duration_ms=23945
2025-10-13 22:00:10,602 - external_data - INFO - external_data: action=batch_start symbols_total=7 batches=1 start=2025-10-13T19:00:10.602250+00:00
2025-10-13 22:00:10,602 - external_data - INFO - external_data: action=batch_fetch batch_num=1 size=7 symbols=,TEST123,TEST999,TEST777,TEST666,UNIQUE123,TEST8962
2025-10-13 22:00:34,418 - external_data - INFO - external_data: action=batch_end symbols_total=7 quotes_total=0 duration_ms=23815
2025-10-13 22:01:34,433 - external_data - INFO - external_data: action=batch_start symbols_total=7 batches=1 start=2025-10-13T19:01:34.433115+00:00
2025-10-13 22:01:34,433 - external_data - INFO - external_data: action=batch_fetch batch_num=1 size=7 symbols=,TEST123,TEST999,TEST777,TEST666,UNIQUE123,TEST8962
2025-10-13 22:01:58,408 - external_data - INFO - external_data: action=batch_end symbols_total=7 quotes_total=0 duration_ms=23975
2025-10-13 22:02:58,427 - external_data - INFO - external_data: action=batch_start symbols_total=7 batches=1 start=2025-10-13T19:02:58.427821+00:00
2025-10-13 22:02:58,428 - external_data - INFO - external_data: action=batch_fetch batch_num=1 size=7 symbols=,TEST123,TEST999,TEST777,TEST666,UNIQUE123,TEST8962
2025-10-13 22:03:22,292 - external_data - INFO - external_data: action=batch_end symbols_total=7 quotes_total=0 duration_ms=23865
2025-10-13 22:04:22,313 - external_data - INFO - external_data: action=batch_start symbols_total=3 batches=1 start=2025-10-13T19:04:22.313831+00:00
2025-10-13 22:04:22,314 - external_data - INFO - external_data: action=batch_fetch batch_num=1 size=3 symbols=GOOGL,AMZN,TSLA
2025-10-13 22:04:22,826 - external_data - INFO - external_data: action=batch_end symbols_total=3 quotes_total=3 duration_ms=512
2025-10-13 22:04:22,838 - external_data - INFO - external_data: action=batch_start symbols_total=7 batches=1 start=2025-10-13T19:04:22.838672+00:00
2025-10-13 22:04:22,838 - external_data - INFO - external_data: action=batch_fetch batch_num=1 size=7 symbols=,TEST123,TEST999,TEST777,TEST666,UNIQUE123,TEST8962
2025-10-13 22:05:12,853 - external_data - INFO - external_data: action=batch_end symbols_total=7 quotes_total=0 duration_ms=50015
2025-10-13 22:06:12,869 - external_data - INFO - external_data: action=batch_start symbols_total=7 batches=1 start=2025-10-13T19:06:12.868953+00:00
2025-10-13 22:06:12,869 - external_data - INFO - external_data: action=batch_fetch batch_num=1 size=7 symbols=,TEST123,TEST999,TEST777,TEST666,UNIQUE123,TEST8962
2025-10-13 22:07:03,468 - external_data - INFO - external_data: action=batch_end symbols_total=7 quotes_total=0 duration_ms=50599
2025-10-13 22:08:03,484 - external_data - INFO - external_data: action=batch_start symbols_total=7 batches=1 start=2025-10-13T19:08:03.484213+00:00
2025-10-13 22:08:03,484 - external_data - INFO - external_data: action=batch_fetch batch_num=1 size=7 symbols=,TEST123,TEST999,TEST777,TEST666,UNIQUE123,TEST8962
2025-10-13 22:08:27,414 - external_data - INFO - external_data: action=batch_end symbols_total=7 quotes_total=0 duration_ms=23930
2025-10-13 22:09:27,460 - external_data - INFO - external_data: action=batch_start symbols_total=3 batches=1 start=2025-10-13T19:09:27.460033+00:00
2025-10-13 22:09:27,460 - external_data - INFO - external_data: action=batch_fetch batch_num=1 size=3 symbols=GOOGL,AMZN,TSLA
2025-10-13 22:09:28,017 - external_data - INFO - external_data: action=batch_end symbols_total=3 quotes_total=3 duration_ms=557
2025-10-13 22:09:28,027 - external_data - INFO - external_data: action=batch_start symbols_total=7 batches=1 start=2025-10-13T19:09:28.027595+00:00
2025-10-13 22:09:28,027 - external_data - INFO - external_data: action=batch_fetch batch_num=1 size=7 symbols=,TEST123,TEST999,TEST777,TEST666,UNIQUE123,TEST8962
2025-10-13 22:09:52,049 - external_data - INFO - external_data: action=batch_end symbols_total=7 quotes_total=0 duration_ms=24021
2025-10-13 22:10:52,073 - external_data - INFO - external_data: action=batch_start symbols_total=7 batches=1 start=2025-10-13T19:10:52.073066+00:00
2025-10-13 22:10:52,073 - external_data - INFO - external_data: action=batch_fetch batch_num=1 size=7 symbols=,TEST123,TEST999,TEST777,TEST666,UNIQUE123,TEST8962
2025-10-13 22:11:16,219 - external_data - INFO - external_data: action=batch_end symbols_total=7 quotes_total=0 duration_ms=24146
2025-10-13 22:12:16,232 - external_data - INFO - external_data: action=batch_start symbols_total=7 batches=1 start=2025-10-13T19:12:16.231911+00:00
2025-10-13 22:12:16,232 - external_data - INFO - external_data: action=batch_fetch batch_num=1 size=7 symbols=,TEST123,TEST999,TEST777,TEST666,UNIQUE123,TEST8962
2025-10-13 22:13:05,813 - external_data - INFO - external_data: action=batch_end symbols_total=7 quotes_total=0 duration_ms=49582
2025-10-13 22:14:05,832 - external_data - INFO - external_data: action=batch_start symbols_total=7 batches=1 start=2025-10-13T19:14:05.832566+00:00
2025-10-13 22:14:05,832 - external_data - INFO - external_data: action=batch_fetch batch_num=1 size=7 symbols=,TEST123,TEST999,TEST777,TEST666,UNIQUE123,TEST8962
2025-10-13 22:14:29,847 - external_data - INFO - external_data: action=batch_end symbols_total=7 quotes_total=0 duration_ms=24015
2025-10-13 22:15:29,871 - external_data - INFO - external_data: action=batch_start symbols_total=3 batches=1 start=2025-10-13T19:15:29.871599+00:00
2025-10-13 22:15:29,871 - external_data - INFO - external_data: action=batch_fetch batch_num=1 size=3 symbols=GOOGL,AMZN,TSLA
2025-10-13 22:15:30,402 - external_data - INFO - external_data: action=batch_end symbols_total=3 quotes_total=3 duration_ms=531
2025-10-13 22:15:30,412 - external_data - INFO - external_data: action=batch_start symbols_total=7 batches=1 start=2025-10-13T19:15:30.412547+00:00
2025-10-13 22:15:30,412 - external_data - INFO - external_data: action=batch_fetch batch_num=1 size=7 symbols=,TEST123,TEST999,TEST777,TEST666,UNIQUE123,TEST8962
2025-10-13 22:15:54,357 - external_data - INFO - external_data: action=batch_end symbols_total=7 quotes_total=0 duration_ms=23944
2025-10-13 22:16:54,377 - external_data - INFO - external_data: action=batch_start symbols_total=7 batches=1 start=2025-10-13T19:16:54.377274+00:00
2025-10-13 22:16:54,377 - external_data - INFO - external_data: action=batch_fetch batch_num=1 size=7 symbols=,TEST123,TEST999,TEST777,TEST666,UNIQUE123,TEST8962
2025-10-13 22:17:18,328 - external_data - INFO - external_data: action=batch_end symbols_total=7 quotes_total=0 duration_ms=23951
2025-10-13 22:18:18,346 - external_data - INFO - external_data: action=batch_start symbols_total=7 batches=1 start=2025-10-13T19:18:18.346737+00:00
2025-10-13 22:18:18,347 - external_data - INFO - external_data: action=batch_fetch batch_num=1 size=7 symbols=,TEST123,TEST999,TEST777,TEST666,UNIQUE123,TEST8962
2025-10-13 22:18:42,358 - external_data - INFO - external_data: action=batch_end symbols_total=7 quotes_total=0 duration_ms=24011
2025-10-13 22:19:42,373 - external_data - INFO - external_data: action=batch_start symbols_total=7 batches=1 start=2025-10-13T19:19:42.373475+00:00
2025-10-13 22:19:42,373 - external_data - INFO - external_data: action=batch_fetch batch_num=1 size=7 symbols=,TEST123,TEST999,TEST777,TEST666,UNIQUE123,TEST8962
2025-10-13 22:20:26,629 - external_data - INFO - external_data: action=batch_end symbols_total=7 quotes_total=0 duration_ms=44256
2025-10-13 22:21:26,641 - external_data - INFO - external_data: action=batch_start symbols_total=3 batches=1 start=2025-10-13T19:21:26.641802+00:00
2025-10-13 22:21:26,641 - external_data - INFO - external_data: action=batch_fetch batch_num=1 size=3 symbols=GOOGL,AMZN,TSLA
2025-10-13 22:21:27,307 - external_data - INFO - external_data: action=batch_end symbols_total=3 quotes_total=3 duration_ms=665
2025-10-13 22:21:27,321 - external_data - INFO - external_data: action=batch_start symbols_total=7 batches=1 start=2025-10-13T19:21:27.321432+00:00
2025-10-13 22:21:27,321 - external_data - INFO - external_data: action=batch_fetch batch_num=1 size=7 symbols=,TEST123,TEST999,TEST777,TEST666,UNIQUE123,TEST8962
2025-10-13 22:21:51,398 - external_data - INFO - external_data: action=batch_end symbols_total=7 quotes_total=0 duration_ms=24077
2025-10-13 22:22:51,409 - external_data - INFO - external_data: action=batch_start symbols_total=7 batches=1 start=2025-10-13T19:22:51.409625+00:00
2025-10-13 22:22:51,409 - external_data - INFO - external_data: action=batch_fetch batch_num=1 size=7 symbols=,TEST123,TEST999,TEST777,TEST666,UNIQUE123,TEST8962
2025-10-13 22:23:15,250 - external_data - INFO - external_data: action=batch_end symbols_total=7 quotes_total=0 duration_ms=23840
2025-10-13 22:24:15,276 - external_data - INFO - external_data: action=batch_start symbols_total=7 batches=1 start=2025-10-13T19:24:15.276831+00:00
2025-10-13 22:24:15,277 - external_data - INFO - external_data: action=batch_fetch batch_num=1 size=7 symbols=,TEST123,TEST999,TEST777,TEST666,UNIQUE123,TEST8962
2025-10-13 22:24:40,089 - external_data - INFO - external_data: action=batch_end symbols_total=7 quotes_total=0 duration_ms=24812
2025-10-13 22:25:40,110 - external_data - INFO - external_data: action=batch_start symbols_total=7 batches=1 start=2025-10-13T19:25:40.109997+00:00
2025-10-13 22:25:40,110 - external_data - INFO - external_data: action=batch_fetch batch_num=1 size=7 symbols=,TEST123,TEST999,TEST777,TEST666,UNIQUE123,TEST8962
2025-10-13 22:26:24,301 - external_data - INFO - external_data: action=batch_end symbols_total=7 quotes_total=0 duration_ms=44191
2025-10-13 22:27:24,322 - external_data - INFO - external_data: action=batch_start symbols_total=3 batches=1 start=2025-10-13T19:27:24.322338+00:00
2025-10-13 22:27:24,322 - external_data - INFO - external_data: action=batch_fetch batch_num=1 size=3 symbols=GOOGL,AMZN,TSLA
2025-10-13 22:27:24,920 - external_data - INFO - external_data: action=batch_end symbols_total=3 quotes_total=3 duration_ms=598
2025-10-13 22:27:24,935 - external_data - INFO - external_data: action=batch_start symbols_total=7 batches=1 start=2025-10-13T19:27:24.934981+00:00
2025-10-13 22:27:24,935 - external_data - INFO - external_data: action=batch_fetch batch_num=1 size=7 symbols=,TEST123,TEST999,TEST777,TEST666,UNIQUE123,TEST8962
2025-10-13 22:27:49,121 - external_data - INFO - external_data: action=batch_end symbols_total=7 quotes_total=0 duration_ms=24186
2025-10-13 22:28:49,140 - external_data - INFO - external_data: action=batch_start symbols_total=7 batches=1 start=2025-10-13T19:28:49.140285+00:00
2025-10-13 22:28:49,140 - external_data - INFO - external_data: action=batch_fetch batch_num=1 size=7 symbols=,TEST123,TEST999,TEST777,TEST666,UNIQUE123,TEST8962
2025-10-13 22:29:13,059 - external_data - INFO - external_data: action=batch_end symbols_total=7 quotes_total=0 duration_ms=23918
2025-10-13 22:30:13,081 - external_data - INFO - external_data: action=batch_start symbols_total=7 batches=1 start=2025-10-13T19:30:13.081360+00:00
2025-10-13 22:30:13,081 - external_data - INFO - external_data: action=batch_fetch batch_num=1 size=7 symbols=,TEST123,TEST999,TEST777,TEST666,UNIQUE123,TEST8962
2025-10-13 22:30:37,130 - external_data - INFO - external_data: action=batch_end symbols_total=7 quotes_total=0 duration_ms=24049
2025-10-13 22:31:37,154 - external_data - INFO - external_data: action=batch_start symbols_total=7 batches=1 start=2025-10-13T19:31:37.154242+00:00
2025-10-13 22:31:37,154 - external_data - INFO - external_data: action=batch_fetch batch_num=1 size=7 symbols=,TEST123,TEST999,TEST777,TEST666,UNIQUE123,TEST8962
2025-10-13 22:32:01,148 - external_data - INFO - external_data: action=batch_end symbols_total=7 quotes_total=0 duration_ms=23993
2025-10-13 22:33:01,168 - external_data - INFO - external_data: action=batch_start symbols_total=3 batches=1 start=2025-10-13T19:33:01.168812+00:00
2025-10-13 22:33:01,169 - external_data - INFO - external_data: action=batch_fetch batch_num=1 size=3 symbols=GOOGL,AMZN,TSLA
2025-10-13 22:33:01,702 - external_data - INFO - external_data: action=batch_end symbols_total=3 quotes_total=3 duration_ms=534
2025-10-13 22:33:01,715 - external_data - INFO - external_data: action=batch_start symbols_total=7 batches=1 start=2025-10-13T19:33:01.715426+00:00
2025-10-13 22:33:01,715 - external_data - INFO - external_data: action=batch_fetch batch_num=1 size=7 symbols=,TEST123,TEST999,TEST777,TEST666,UNIQUE123,TEST8962
2025-10-13 22:33:26,384 - external_data - INFO - external_data: action=batch_end symbols_total=7 quotes_total=0 duration_ms=24669
2025-10-13 22:34:26,399 - external_data - INFO - external_data: action=batch_start symbols_total=7 batches=1 start=2025-10-13T19:34:26.399252+00:00
2025-10-13 22:34:26,399 - external_data - INFO - external_data: action=batch_fetch batch_num=1 size=7 symbols=,TEST123,TEST999,TEST777,TEST666,UNIQUE123,TEST8962
2025-10-13 22:35:10,700 - external_data - INFO - external_data: action=batch_end symbols_total=7 quotes_total=0 duration_ms=44300
2025-10-13 22:36:10,713 - external_data - INFO - external_data: action=batch_start symbols_total=7 batches=1 start=2025-10-13T19:36:10.713152+00:00
2025-10-13 22:36:10,713 - external_data - INFO - external_data: action=batch_fetch batch_num=1 size=7 symbols=,TEST123,TEST999,TEST777,TEST666,UNIQUE123,TEST8962
2025-10-13 22:37:02,276 - external_data - INFO - external_data: action=batch_end symbols_total=7 quotes_total=0 duration_ms=51562
2025-10-13 22:38:02,294 - external_data - INFO - external_data: action=batch_start symbols_total=3 batches=1 start=2025-10-13T19:38:02.294335+00:00
2025-10-13 22:38:02,294 - external_data - INFO - external_data: action=batch_fetch batch_num=1 size=3 symbols=GOOGL,AMZN,TSLA
2025-10-13 22:38:03,042 - external_data - INFO - external_data: action=batch_end symbols_total=3 quotes_total=3 duration_ms=747
2025-10-13 22:38:03,051 - external_data - INFO - external_data: action=batch_start symbols_total=7 batches=1 start=2025-10-13T19:38:03.051208+00:00
2025-10-13 22:38:03,051 - external_data - INFO - external_data: action=batch_fetch batch_num=1 size=7 symbols=,TEST123,TEST999,TEST777,TEST666,UNIQUE123,TEST8962
2025-10-13 22:38:26,738 - external_data - INFO - external_data: action=batch_end symbols_total=7 quotes_total=0 duration_ms=23687
2025-10-13 22:39:26,756 - external_data - INFO - external_data: action=batch_start symbols_total=12 batches=1 start=2025-10-13T19:39:26.756716+00:00
2025-10-13 22:39:26,756 - external_data - INFO - external_data: action=batch_fetch batch_num=1 size=12 symbols=MSFT,NVDA,META,NFLX,SPY,,TEST123,TEST999,TEST777,TEST666,UNIQUE123,TEST8962
2025-10-13 22:39:51,308 - external_data - INFO - external_data: action=batch_end symbols_total=12 quotes_total=5 duration_ms=24551
2025-10-13 22:40:51,329 - external_data - INFO - external_data: action=batch_start symbols_total=7 batches=1 start=2025-10-13T19:40:51.329778+00:00
2025-10-13 22:40:51,330 - external_data - INFO - external_data: action=batch_fetch batch_num=1 size=7 symbols=,TEST123,TEST999,TEST777,TEST666,UNIQUE123,TEST8962
2025-10-13 22:41:15,196 - external_data - INFO - external_data: action=batch_end symbols_total=7 quotes_total=0 duration_ms=23867
2025-10-13 22:42:15,211 - external_data - INFO - external_data: action=batch_start symbols_total=7 batches=1 start=2025-10-13T19:42:15.211536+00:00
2025-10-13 22:42:15,211 - external_data - INFO - external_data: action=batch_fetch batch_num=1 size=7 symbols=,TEST123,TEST999,TEST777,TEST666,UNIQUE123,TEST8962
2025-10-13 22:42:39,092 - external_data - INFO - external_data: action=batch_end symbols_total=7 quotes_total=0 duration_ms=23881
2025-10-13 22:43:39,108 - external_data - INFO - external_data: action=batch_start symbols_total=3 batches=1 start=2025-10-13T19:43:39.108654+00:00
2025-10-13 22:43:39,108 - external_data - INFO - external_data: action=batch_fetch batch_num=1 size=3 symbols=GOOGL,AMZN,TSLA
2025-10-13 22:43:39,600 - external_data - INFO - external_data: action=batch_end symbols_total=3 quotes_total=3 duration_ms=491
2025-10-13 22:43:39,613 - external_data - INFO - external_data: action=batch_start symbols_total=7 batches=1 start=2025-10-13T19:43:39.613709+00:00
2025-10-13 22:43:39,613 - external_data - INFO - external_data: action=batch_fetch batch_num=1 size=7 symbols=,TEST123,TEST999,TEST777,TEST666,UNIQUE123,TEST8962
2025-10-13 22:44:03,470 - external_data - INFO - external_data: action=batch_end symbols_total=7 quotes_total=0 duration_ms=23856
2025-10-13 22:45:03,487 - external_data - INFO - external_data: action=batch_start symbols_total=7 batches=1 start=2025-10-13T19:45:03.486968+00:00
2025-10-13 22:45:03,488 - external_data - INFO - external_data: action=batch_fetch batch_num=1 size=7 symbols=,TEST123,TEST999,TEST777,TEST666,UNIQUE123,TEST8962
2025-10-13 22:45:27,113 - external_data - INFO - external_data: action=batch_end symbols_total=7 quotes_total=0 duration_ms=23626
2025-10-13 22:46:27,124 - external_data - INFO - external_data: action=batch_start symbols_total=7 batches=1 start=2025-10-13T19:46:27.124112+00:00
2025-10-13 22:46:27,124 - external_data - INFO - external_data: action=batch_fetch batch_num=1 size=7 symbols=,TEST123,TEST999,TEST777,TEST666,UNIQUE123,TEST8962
2025-10-13 22:46:51,043 - external_data - INFO - external_data: action=batch_end symbols_total=7 quotes_total=0 duration_ms=23919
2025-10-13 22:47:51,058 - external_data - INFO - external_data: action=batch_start symbols_total=7 batches=1 start=2025-10-13T19:47:51.058743+00:00
2025-10-13 22:47:51,058 - external_data - INFO - external_data: action=batch_fetch batch_num=1 size=7 symbols=,TEST123,TEST999,TEST777,TEST666,UNIQUE123,TEST8962
2025-10-13 22:48:14,720 - external_data - INFO - external_data: action=batch_end symbols_total=7 quotes_total=0 duration_ms=23661
2025-10-13 22:49:14,737 - external_data - INFO - external_data: action=batch_start symbols_total=3 batches=1 start=2025-10-13T19:49:14.737656+00:00
2025-10-13 22:49:14,737 - external_data - INFO - external_data: action=batch_fetch batch_num=1 size=3 symbols=GOOGL,AMZN,TSLA
2025-10-13 22:49:15,315 - external_data - INFO - external_data: action=batch_end symbols_total=3 quotes_total=3 duration_ms=577
2025-10-13 22:49:15,329 - external_data - INFO - external_data: action=batch_start symbols_total=7 batches=1 start=2025-10-13T19:49:15.329442+00:00
2025-10-13 22:49:15,329 - external_data - INFO - external_data: action=batch_fetch batch_num=1 size=7 symbols=,TEST123,TEST999,TEST777,TEST666,UNIQUE123,TEST8962
2025-10-13 22:49:39,605 - external_data - INFO - external_data: action=batch_end symbols_total=7 quotes_total=0 duration_ms=24275
2025-10-13 22:50:39,618 - external_data - INFO - external_data: action=batch_start symbols_total=7 batches=1 start=2025-10-13T19:50:39.617967+00:00
2025-10-13 22:50:39,618 - external_data - INFO - external_data: action=batch_fetch batch_num=1 size=7 symbols=,TEST123,TEST999,TEST777,TEST666,UNIQUE123,TEST8962
2025-10-13 22:51:03,670 - external_data - INFO - external_data: action=batch_end symbols_total=7 quotes_total=0 duration_ms=24052
2025-10-13 22:52:03,686 - external_data - INFO - external_data: action=batch_start symbols_total=7 batches=1 start=2025-10-13T19:52:03.685999+00:00
2025-10-13 22:52:03,686 - external_data - INFO - external_data: action=batch_fetch batch_num=1 size=7 symbols=,TEST123,TEST999,TEST777,TEST666,UNIQUE123,TEST8962
2025-10-13 22:52:27,535 - external_data - INFO - external_data: action=batch_end symbols_total=7 quotes_total=0 duration_ms=23849
2025-10-13 22:53:27,545 - external_data - INFO - external_data: action=batch_start symbols_total=7 batches=1 start=2025-10-13T19:53:27.545694+00:00
2025-10-13 22:53:27,545 - external_data - INFO - external_data: action=batch_fetch batch_num=1 size=7 symbols=,TEST123,TEST999,TEST777,TEST666,UNIQUE123,TEST8962
2025-10-13 22:53:51,309 - external_data - INFO - external_data: action=batch_end symbols_total=7 quotes_total=0 duration_ms=23763
2025-10-13 22:54:51,324 - external_data - INFO - external_data: action=batch_start symbols_total=3 batches=1 start=2025-10-13T19:54:51.324581+00:00
2025-10-13 22:54:51,324 - external_data - INFO - external_data: action=batch_fetch batch_num=1 size=3 symbols=GOOGL,AMZN,TSLA
2025-10-13 22:54:51,887 - external_data - INFO - external_data: action=batch_end symbols_total=3 quotes_total=3 duration_ms=562
2025-10-13 22:54:51,917 - external_data - INFO - external_data: action=batch_start symbols_total=7 batches=1 start=2025-10-13T19:54:51.917175+00:00
2025-10-13 22:54:51,917 - external_data - INFO - external_data: action=batch_fetch batch_num=1 size=7 symbols=,TEST123,TEST999,TEST777,TEST666,UNIQUE123,TEST8962
2025-10-13 22:55:15,708 - external_data - INFO - external_data: action=batch_end symbols_total=7 quotes_total=0 duration_ms=23791
2025-10-13 22:56:15,716 - external_data - INFO - external_data: action=batch_start symbols_total=7 batches=1 start=2025-10-13T19:56:15.715982+00:00
2025-10-13 22:56:15,716 - external_data - INFO - external_data: action=batch_fetch batch_num=1 size=7 symbols=,TEST123,TEST999,TEST777,TEST666,UNIQUE123,TEST8962
2025-10-13 22:56:39,473 - external_data - INFO - external_data: action=batch_end symbols_total=7 quotes_total=0 duration_ms=23757
2025-10-13 22:57:39,495 - external_data - INFO - external_data: action=batch_start symbols_total=7 batches=1 start=2025-10-13T19:57:39.494697+00:00
2025-10-13 22:57:39,495 - external_data - INFO - external_data: action=batch_fetch batch_num=1 size=7 symbols=,TEST123,TEST999,TEST777,TEST666,UNIQUE123,TEST8962
2025-10-13 22:58:03,240 - external_data - INFO - external_data: action=batch_end symbols_total=7 quotes_total=0 duration_ms=23745
2025-10-13 22:59:03,253 - external_data - INFO - external_data: action=batch_start symbols_total=7 batches=1 start=2025-10-13T19:59:03.253580+00:00
2025-10-13 22:59:03,254 - external_data - INFO - external_data: action=batch_fetch batch_num=1 size=7 symbols=,TEST123,TEST999,TEST777,TEST666,UNIQUE123,TEST8962
2025-10-13 22:59:27,289 - external_data - INFO - external_data: action=batch_end symbols_total=7 quotes_total=0 duration_ms=24036
