=== D34 Alerts FAV API ===
Backend: http://127.0.0.1:8082
✅ Admin Login
✅ GET /alerts/summary -> 200
✅ GET /alerts -> 200
❌ POST /alerts -> 422
⚠️ Skipped CRUD checks (create failed)
✅ NEG D34-1 invalid condition_value(string) -> 422
✅ NEG D34-2 missing alert_type -> 422
❌ NEG D34-3 setup failed (could not create alert id)
✅ NEG D34-4 malformed JSON on /alerts -> 400
{
  "passed": 6,
  "failed": 2,
  "exit_code": 1,
  "backend": "http://127.0.0.1:8082",
  "work_package_id": "S002-P003-WP002",
  "domain": "D34"
}
=== D34 Alerts FAV API Done ===
