✅ [PASS] D35_NEG_422_MISSING_TITLE
   expected 422, got 422
✅ [PASS] D35_NEG_422_INVALID_CONTENT_TYPE
   expected 422, got 422
✅ [PASS] D35_NEG_401_UNAUTHORIZED
   expected 401, got 401
✅ [PASS] D35_Create
   create submitted
✅ [PASS] D35_Read
   note content visible
✅ [PASS] D35_XSS
   no executable script marker rendered
✅ [PASS] D35_Edit
   edit submitted
✅ [PASS] D35_Delete
   delete submitted

============================================================
TEST SUMMARY
============================================================
Total Tests: 8
✅ Passed: 8
❌ Failed: 0
⏸️  Skipped: 0
Pass Rate: 100.00%
============================================================
