/**
 * Browser Console Scanner for Trading Accounts Tables
 * 
 * Instructions:
 * 1. Navigate to http://127.0.0.1:8090/trading_accounts (logged in as admin/admin123)
 * 2. Open browser console (F12)
 * 3. Paste and run this script
 * 4. Copy the output JSON
 */

(function scanTradingAccountsTables() {
  console.log('🔍 Scanning Trading Accounts Page Tables...\n');
  
  const report = {
    timestamp: new Date().toISOString(),
    url: window.location.href,
    pageTitle: document.title,
    containers: [],
    tables: []
  };
  
  // Find all table elements
  const allTables = document.querySelectorAll('table');
  console.log(`📊 Found ${allTables.length} <table> elements\n`);
  
  allTables.forEach((table, tableIndex) => {
    const tableInfo = {
      index: tableIndex + 1,
      id: table.id || null,
      className: table.className || null,
      dataTableType: table.getAttribute('data-table-type') || null,
      columns: [],
      sampleRows: [],
      container: null
    };
    
    // Find container
    const container = table.closest('.content-section, .section-body, [data-section], [id*="container"], [id*="section"]');
    if (container) {
      const containerTitle = container.querySelector('.table-title, h2, h3, .section-title')?.textContent?.trim();
      tableInfo.container = {
        id: container.id || null,
        className: container.className || null,
        title: containerTitle || null
      };
    }
    
    // Extract headers
    const thead = table.querySelector('thead');
    if (thead) {
      const headers = thead.querySelectorAll('th');
      headers.forEach((th, colIndex) => {
        const headerText = th.textContent.trim();
        const isSortable = th.classList.contains('sortable-header') || 
                          th.hasAttribute('data-sort') ||
                          th.hasAttribute('data-sortable');
        const sortKey = th.getAttribute('data-sort-key') || 
                       th.getAttribute('data-sort') ||
                       null;
        const sortType = th.getAttribute('data-sort-type') || null;
        
        // Extract column classes (col-name, col-balance, etc.)
        const colClasses = Array.from(th.classList).filter(cls => cls.startsWith('col-'));
        
        tableInfo.columns.push({
          index: colIndex,
          header: headerText,
          sortable: isSortable,
          sortKey: sortKey,
          sortType: sortType,
          columnClasses: colClasses,
          html: th.outerHTML
        });
      });
    }
    
    // Extract sample rows (first 5 rows)
    const tbody = table.querySelector('tbody');
    if (tbody) {
      const rows = tbody.querySelectorAll('tr');
      const maxRows = Math.min(5, rows.length);
      
      for (let i = 0; i < maxRows; i++) {
        const row = rows[i];
        const cells = row.querySelectorAll('td');
        const rowData = {
          rowIndex: i,
          cells: []
        };
        
        cells.forEach((cell, cellIndex) => {
          const cellText = cell.textContent.trim();
          const cellClasses = Array.from(cell.classList);
          const colClasses = cellClasses.filter(cls => cls.startsWith('col-'));
          
          rowData.cells.push({
            index: cellIndex,
            text: cellText,
            classes: cellClasses,
            columnClasses: colClasses,
            html: cell.outerHTML
          });
        });
        
        tableInfo.sampleRows.push(rowData);
      }
    }
    
    report.tables.push(tableInfo);
    
    console.log(`\n📋 Table ${tableIndex + 1}:`);
    console.log(`  ID: ${tableInfo.id || 'N/A'}`);
    console.log(`  Container: ${tableInfo.container?.title || 'N/A'}`);
    console.log(`  Columns: ${tableInfo.columns.length}`);
    tableInfo.columns.forEach(col => {
      console.log(`    ${col.index}: "${col.header}"${col.sortable ? ' [SORTABLE]' : ''}${col.columnClasses.length > 0 ? ` (${col.columnClasses.join(', ')})` : ''}`);
    });
    console.log(`  Sample Rows: ${tableInfo.sampleRows.length}`);
  });
  
  // Find containers/sections
  const containers = document.querySelectorAll('.content-section, [data-section], [id*="container"]');
  containers.forEach((container, index) => {
    const title = container.querySelector('.table-title, h2, h3, .section-title')?.textContent?.trim();
    const tablesInContainer = container.querySelectorAll('table');
    
    if (title || tablesInContainer.length > 0) {
      report.containers.push({
        index: index + 1,
        id: container.id || null,
        className: container.className || null,
        title: title || null,
        tableCount: tablesInContainer.length
      });
    }
  });
  
  console.log(`\n\n📦 Found ${report.containers.length} containers/sections`);
  report.containers.forEach(container => {
    console.log(`  ${container.index}: ${container.title || container.id || 'Untitled'} (${container.tableCount} tables)`);
  });
  
  // Output full report
  console.log('\n\n📊 FULL REPORT (JSON):');
  console.log('='.repeat(80));
  const reportJson = JSON.stringify(report, null, 2);
  console.log(reportJson);
  console.log('='.repeat(80));
  
  // Save to window for easy copy
  window.tradingAccountsTablesScan = report;
  console.log('\n💾 Report saved to window.tradingAccountsTablesScan');
  console.log('📋 Copy with: JSON.stringify(window.tradingAccountsTablesScan, null, 2)');
  
  return report;
})();

VM16035:12 🔍 Scanning Trading Accounts Page Tables...

VM16035:24 📊 Found 3 <table> elements

VM16035:111 
📋 Table 1:
VM16035:112   ID: accountsTable
VM16035:113   Container: N/A
VM16035:114   Columns: 8
VM16035:116     0: "↕️ שם החשבון מסחר" (col-name)
VM16035:116     1: "↕️ מטבע" (col-currency)
VM16035:116     2: "↕️ יתרה" (col-balance)
VM16035:116     3: "↕️ פוזיציות" (col-positions)
VM16035:116     4: "↕️ רווח/הפסד" (col-total-pl)
VM16035:116     5: "↕️ סטטוס" (col-status)
VM16035:116     6: "↕️ עודכן" (col-updated)
VM16035:116     7: "" (col-actions)
VM16035:118   Sample Rows: 5
VM16035:111 
📋 Table 2:
VM16035:112   ID: accountActivityTable
VM16035:113   Container: N/A
VM16035:114   Columns: 8
VM16035:116     0: "↕️ תאריך" (col-date)
VM16035:116     1: "↕️ סוג" (col-type)
VM16035:116     2: "↕️ תת-סוג" (col-subtype)
VM16035:116     3: "↕️ טיקר" (col-ticker)
VM16035:116     4: "↕️ סכום" (col-amount)
VM16035:116     5: "↕️ מטבע" (col-currency)
VM16035:116     6: "↕️ יתרה שוטפת" (col-balance)
VM16035:116     7: "פעולות" (col-actions)
VM16035:118   Sample Rows: 1
VM16035:111 
📋 Table 3:
VM16035:112   ID: positionsTable
VM16035:113   Container: N/A
VM16035:114   Columns: 9
VM16035:116     0: "↕️ סימבול" (col-symbol)
VM16035:116     1: "↕️ נוכחי" (col-ticker)
VM16035:116     2: "↕️ כמות" (col-quantity)
VM16035:116     3: "↕️ צד" (col-side)
VM16035:116     4: "↕️ מחיר ממוצע" (col-avg-price)
VM16035:116     5: "↕️ שווי שוק" (col-market-value)
VM16035:116     6: "↕️ P/L" (col-unrealized-pl)
VM16035:116     7: "↕️ אחוז מהחשבון" (col-percent-account)
VM16035:116     8: "פעולות" (col-actions)
VM16035:118   Sample Rows: 1
VM16035:138 

📦 Found 5 containers/sections
VM16035:140   2: חשבונות מסחר (0 tables)
VM16035:140   3: ניהול חשבונות מסחר (1 tables)
VM16035:140   4: סיכום תנועות בחשבון (0 tables)
VM16035:140   5: דף חשבון לתאריכים [טווח תאריכים] (1 tables)
VM16035:140   6: פוזיציות לפי חשבון (1 tables)
VM16035:144 

📊 FULL REPORT (JSON):
VM16035:145 ================================================================================
VM16035:147 {
  "timestamp": "2026-02-01T20:22:41.275Z",
  "url": "http://127.0.0.1:8090/trading_accounts",
  "pageTitle": "חשבונות מסחר - TikTrack",
  "containers": [
    {
      "index": 2,
      "id": null,
      "className": "top-section",
      "title": "חשבונות מסחר",
      "tableCount": 0
    },
    {
      "index": 3,
      "id": "main",
      "className": "content-section",
      "title": "ניהול חשבונות מסחר",
      "tableCount": 1
    },
    {
      "index": 4,
      "id": null,
      "className": "content-section",
      "title": "סיכום תנועות בחשבון",
      "tableCount": 0
    },
    {
      "index": 5,
      "id": null,
      "className": "content-section",
      "title": "דף חשבון לתאריכים [טווח תאריכים]",
      "tableCount": 1
    },
    {
      "index": 6,
      "id": null,
      "className": "content-section",
      "title": "פוזיציות לפי חשבון",
      "tableCount": 1
    }
  ],
  "tables": [
    {
      "index": 1,
      "id": "accountsTable",
      "className": "table table-hover",
      "dataTableType": "trading_accounts",
      "columns": [
        {
          "index": 0,
          "header": "↕️ שם החשבון מסחר",
          "sortable": false,
          "sortKey": null,
          "sortType": null,
          "columnClasses": [
            "col-name"
          ],
          "html": "<th class=\"col-name\">\n                                            <button class=\"btn btnbtn-link sortable-header\" data-button-type=\"SORT\" data-button-processed=\"true\" id=\"btn-sort-3-c3f4\" data-onclick=\"window.sortTable('trading_accounts', 0)\" data-bs-toggle=\"tooltip\" data-bs-placement=\"top\" data-bs-trigger=\"hover\" data-bs-offset=\"0,0\" data-tooltip=\"מיון\" data-variant=\"full\">↕️ שם החשבון מסחר</button>\n                                        </th>"
        },
        {
          "index": 1,
          "header": "↕️ מטבע",
          "sortable": false,
          "sortKey": null,
          "sortType": null,
          "columnClasses": [
            "col-currency"
          ],
          "html": "<th class=\"col-currency\">\n                                            <button class=\"btn btnbtn-link sortable-header\" data-button-type=\"SORT\" data-button-processed=\"true\" id=\"btn-sort-4-c3f4\" data-onclick=\"window.sortTable('trading_accounts', 1)\" data-bs-toggle=\"tooltip\" data-bs-placement=\"top\" data-bs-trigger=\"hover\" data-bs-offset=\"0,0\" data-tooltip=\"מיון\" data-variant=\"full\">↕️ מטבע</button>\n                                        </th>"
        },
        {
          "index": 2,
          "header": "↕️ יתרה",
          "sortable": false,
          "sortKey": null,
          "sortType": null,
          "columnClasses": [
            "col-balance"
          ],
          "html": "<th class=\"col-balance\">\n                                            <button class=\"btn btnbtn-link sortable-header\" data-button-type=\"SORT\" data-button-processed=\"true\" id=\"btn-sort-5-c3f5\" data-onclick=\"window.sortTable('trading_accounts', 2)\" data-bs-toggle=\"tooltip\" data-bs-placement=\"top\" data-bs-trigger=\"hover\" data-bs-offset=\"0,0\" data-tooltip=\"מיון\" data-variant=\"full\">↕️ יתרה</button>\n                                        </th>"
        },
        {
          "index": 3,
          "header": "↕️ פוזיציות",
          "sortable": false,
          "sortKey": null,
          "sortType": null,
          "columnClasses": [
            "col-positions"
          ],
          "html": "<th class=\"col-positions\">\n                                            <button class=\"btn btnbtn-link sortable-header\" data-button-type=\"SORT\" data-button-processed=\"true\" id=\"btn-sort-6-c3f5\" data-onclick=\"window.sortTable('trading_accounts', 3)\" data-bs-toggle=\"tooltip\" data-bs-placement=\"top\" data-bs-trigger=\"hover\" data-bs-offset=\"0,0\" data-tooltip=\"מיון\" data-variant=\"full\">↕️ פוזיציות</button>\n                                        </th>"
        },
        {
          "index": 4,
          "header": "↕️ רווח/הפסד",
          "sortable": false,
          "sortKey": null,
          "sortType": null,
          "columnClasses": [
            "col-total-pl"
          ],
          "html": "<th class=\"col-total-pl\">\n                                            <button class=\"btn btnbtn-link sortable-header\" data-button-type=\"SORT\" data-button-processed=\"true\" id=\"btn-sort-7-c3f5\" data-onclick=\"window.sortTable('trading_accounts', 4)\" data-bs-toggle=\"tooltip\" data-bs-placement=\"top\" data-bs-trigger=\"hover\" data-bs-offset=\"0,0\" data-tooltip=\"מיון\" data-variant=\"full\">↕️ רווח/הפסד</button>\n                                        </th>"
        },
        {
          "index": 5,
          "header": "↕️ סטטוס",
          "sortable": false,
          "sortKey": null,
          "sortType": null,
          "columnClasses": [
            "col-status"
          ],
          "html": "<th class=\"col-status\">\n                                            <button class=
VM16035:148 ================================================================================
VM16035:152 
💾 Report saved to window.tradingAccountsTablesScan
VM16035:153 📋 Copy with: JSON.stringify(window.tradingAccountsTablesScan, null, 2)
{timestamp: '2026-02-01T20:22:41.275Z', url: 'http://127.0.0.1:8090/trading_accounts', pageTitle: 'חשבונות מסחר - TikTrack', containers: Array(5), tables: Array(3)}
api-fetch-wrapper.js:239  POST http://127.0.0.1:7243/ingest/6e906bd0-148a-41fc-aa3b-e13c2ed1de41 net::ERR_CONNECTION_REFUSED
window.fetch @ api-fetch-wrapper.js:239
getAuthToken @ api-fetch-wrapper.js:70
window.fetch @ api-fetch-wrapper.js:245
flushToServer @ logger-service.js:717
(anonymous) @ logger-service.js:606
setTimeout
queueForServer @ logger-service.js:605
log @ logger-service.js:583
debug @ logger-service.js:438
(anonymous) @ preferences-data.js:842
await in (anonymous)
loadAllPreferencesRaw @ preferences-data.js:926
(anonymous) @ core-systems.js:1748
api-fetch-wrapper.js:239  POST http://127.0.0.1:7243/ingest/6e906bd0-148a-41fc-aa3b-e13c2ed1de41 net::ERR_CONNECTION_REFUSED
window.fetch @ api-fetch-wrapper.js:239
window.fetch @ api-fetch-wrapper.js:272
await in window.fetch
flushToServer @ logger-service.js:717
(anonymous) @ logger-service.js:606
setTimeout
queueForServer @ logger-service.js:605
log @ logger-service.js:583
debug @ logger-service.js:438
(anonymous) @ preferences-data.js:842
await in (anonymous)
loadAllPreferencesRaw @ preferences-data.js:926
(anonymous) @ core-systems.js:1748
api-fetch-wrapper.js:239  POST http://127.0.0.1:7243/ingest/6e906bd0-148a-41fc-aa3b-e13c2ed1de41 net::ERR_CONNECTION_REFUSED
window.fetch @ api-fetch-wrapper.js:239
window.fetch @ api-fetch-wrapper.js:247
await in window.fetch
flushToServer @ logger-service.js:717
(anonymous) @ logger-service.js:606
setTimeout
queueForServer @ logger-service.js:605
log @ logger-service.js:583
debug @ logger-service.js:438
(anonymous) @ preferences-data.js:842
await in (anonymous)
loadAllPreferencesRaw @ preferences-data.js:926
(anonymous) @ core-systems.js:1748
api-fetch-wrapper.js:239  POST http://127.0.0.1:7243/ingest/6e906bd0-148a-41fc-aa3b-e13c2ed1de41 net::ERR_CONNECTION_REFUSED
window.fetch @ api-fetch-wrapper.js:239
window.fetch @ api-fetch-wrapper.js:328
await in window.fetch
flushToServer @ logger-service.js:717
(anonymous) @ logger-service.js:606
setTimeout
queueForServer @ logger-service.js:605
log @ logger-service.js:583
debug @ logger-service.js:438
(anonymous) @ preferences-data.js:842
await in (anonymous)
loadAllPreferencesRaw @ preferences-data.js:926
(anonymous) @ core-systems.js:1748
logger-service.js:743 ✅ Sent 1 logs to server
api-fetch-wrapper.js:239  POST http://127.0.0.1:7243/ingest/6e906bd0-148a-41fc-aa3b-e13c2ed1de41 net::ERR_CONNECTION_REFUSED
window.fetch @ api-fetch-wrapper.js:239
window.fetch @ api-fetch-wrapper.js:352
await in window.fetch
flushToServer @ logger-service.js:717
(anonymous) @ logger-service.js:606
setTimeout
queueForServer @ logger-service.js:605
log @ logger-service.js:583
debug @ logger-service.js:438
(anonymous) @ preferences-data.js:842
await in (anonymous)
loadAllPreferencesRaw @ preferences-data.js:926
(anonymous) @ core-systems.js:1748
api-fetch-wrapper.js:239  POST http://127.0.0.1:7243/ingest/6e906bd0-148a-41fc-aa3b-e13c2ed1de41 net::ERR_CONNECTION_REFUSED
window.fetch @ api-fetch-wrapper.js:239
getAuthToken @ api-fetch-wrapper.js:70
window.fetch @ api-fetch-wrapper.js:245
visibilityCheckHandler @ auth.js:2514
api-fetch-wrapper.js:239  POST http://127.0.0.1:7243/ingest/6e906bd0-148a-41fc-aa3b-e13c2ed1de41 net::ERR_CONNECTION_REFUSED
window.fetch @ api-fetch-wrapper.js:239
window.fetch @ api-fetch-wrapper.js:247
await in window.fetch
visibilityCheckHandler @ auth.js:2514
api-fetch-wrapper.js:239  POST http://127.0.0.1:7243/ingest/6e906bd0-148a-41fc-aa3b-e13c2ed1de41 net::ERR_CONNECTION_REFUSED
window.fetch @ api-fetch-wrapper.js:239
window.fetch @ api-fetch-wrapper.js:272
await in window.fetch
visibilityCheckHandler @ auth.js:2514
api-fetch-wrapper.js:239  POST http://127.0.0.1:7243/ingest/6e906bd0-148a-41fc-aa3b-e13c2ed1de41 net::ERR_CONNECTION_REFUSED
window.fetch @ api-fetch-wrapper.js:239
window.fetch @ api-fetch-wrapper.js:328
await in window.fetch
visibilityCheckHandler @ auth.js:2514
api-fetch-wrapper.js:239  POST http://127.0.0.1:7243/ingest/6e906bd0-148a-41fc-aa3b-e13c2ed1de41 net::ERR_CONNECTION_REFUSED
window.fetch @ api-fetch-wrapper.js:239
window.fetch @ api-fetch-wrapper.js:352
await in window.fetch
visibilityCheckHandler @ auth.js:2514
