============================= test session starts ==============================
platform darwin -- Python 3.9.6, pytest-8.4.2, pluggy-1.6.0 -- /Users/nimrod/Documents/TikTrack/TikTrackAppV2-phoenix/api/venv/bin/python
cachedir: .pytest_cache
rootdir: /Users/nimrod/Documents/TikTrack/TikTrackAppV2-phoenix
configfile: pyproject.toml
plugins: anyio-4.12.1, asyncio-1.2.0
asyncio: mode=strict, debug=False, asyncio_default_fixture_loop_scope=None, asyncio_default_test_loop_scope=function
collecting ... collected 2 items

tests/unit/test_d33_parallel_create.py::test_parallel_create_same_user_one_create_one_conflict PASSED [ 50%]
tests/unit/test_d33_parallel_create.py::test_parallel_create_same_symbol_no_duplicate_tickers FAILED [100%]

=================================== FAILURES ===================================
____________ test_parallel_create_same_symbol_no_duplicate_tickers _____________
tests/unit/test_d33_parallel_create.py:109: in test_parallel_create_same_symbol_no_duplicate_tickers
    users = (await admin_db.execute(select(User).where(User.deleted_at.is_(None)).limit(2))).scalars().all()
api/venv/lib/python3.9/site-packages/sqlalchemy/ext/asyncio/session.py:449: in execute
    result = await greenlet_spawn(
api/venv/lib/python3.9/site-packages/sqlalchemy/util/_concurrency_py3k.py:201: in greenlet_spawn
    result = context.throw(*sys.exc_info())
api/venv/lib/python3.9/site-packages/sqlalchemy/orm/session.py:2351: in execute
    return self._execute_internal(
api/venv/lib/python3.9/site-packages/sqlalchemy/orm/session.py:2249: in _execute_internal
    result: Result[Any] = compile_state_cls.orm_execute_statement(
api/venv/lib/python3.9/site-packages/sqlalchemy/orm/context.py:306: in orm_execute_statement
    result = conn.execute(
api/venv/lib/python3.9/site-packages/sqlalchemy/engine/base.py:1419: in execute
    return meth(
api/venv/lib/python3.9/site-packages/sqlalchemy/sql/elements.py:527: in _execute_on_connection
    return connection._execute_clauseelement(
api/venv/lib/python3.9/site-packages/sqlalchemy/engine/base.py:1641: in _execute_clauseelement
    ret = self._execute_context(
api/venv/lib/python3.9/site-packages/sqlalchemy/engine/base.py:1846: in _execute_context
    return self._exec_single_context(
api/venv/lib/python3.9/site-packages/sqlalchemy/engine/base.py:1986: in _exec_single_context
    self._handle_dbapi_exception(
api/venv/lib/python3.9/site-packages/sqlalchemy/engine/base.py:2366: in _handle_dbapi_exception
    raise exc_info[1].with_traceback(exc_info[2])
api/venv/lib/python3.9/site-packages/sqlalchemy/engine/base.py:1967: in _exec_single_context
    self.dialect.do_execute(
api/venv/lib/python3.9/site-packages/sqlalchemy/engine/default.py:952: in do_execute
    cursor.execute(statement, parameters)
api/venv/lib/python3.9/site-packages/sqlalchemy/dialects/postgresql/asyncpg.py:585: in execute
    self._adapt_connection.await_(
api/venv/lib/python3.9/site-packages/sqlalchemy/util/_concurrency_py3k.py:132: in await_only
    return current.parent.switch(awaitable)  # type: ignore[no-any-return,attr-defined] # noqa: E501
api/venv/lib/python3.9/site-packages/sqlalchemy/util/_concurrency_py3k.py:196: in greenlet_spawn
    value = await result
api/venv/lib/python3.9/site-packages/sqlalchemy/dialects/postgresql/asyncpg.py:520: in _prepare_and_execute
    await adapt_connection._start_transaction()
api/venv/lib/python3.9/site-packages/sqlalchemy/dialects/postgresql/asyncpg.py:850: in _start_transaction
    self._handle_exception(error)
api/venv/lib/python3.9/site-packages/sqlalchemy/dialects/postgresql/asyncpg.py:799: in _handle_exception
    raise error
api/venv/lib/python3.9/site-packages/sqlalchemy/dialects/postgresql/asyncpg.py:848: in _start_transaction
    await self._transaction.start()
api/venv/lib/python3.9/site-packages/asyncpg/transaction.py:146: in start
    await self._connection.execute(query)
api/venv/lib/python3.9/site-packages/asyncpg/connection.py:354: in execute
    result = await self._protocol.query(query, timeout)
asyncpg/protocol/protocol.pyx:369: in query
    ???
E   RuntimeError: Task <Task pending name='Task-2' coro=<test_parallel_create_same_symbol_no_duplicate_tickers() running at /Users/nimrod/Documents/TikTrack/TikTrackAppV2-phoenix/tests/unit/test_d33_parallel_create.py:109> cb=[_run_until_complete_cb() at /Library/Developer/CommandLineTools/Library/Frameworks/Python3.framework/Versions/3.9/lib/python3.9/asyncio/base_events.py:184]> got Future <Future pending cb=[BaseProtocol._on_waiter_completed()]> attached to a different loop
=============================== warnings summary ===============================
api/core/config.py:22
  /Users/nimrod/Documents/TikTrack/TikTrackAppV2-phoenix/tests/unit/../../api/core/config.py:22: PydanticDeprecatedSince20: Support for class-based `config` is deprecated, use ConfigDict instead. Deprecated in Pydantic V2.0 to be removed in V3.0. See Pydantic V2 Migration Guide at https://errors.pydantic.dev/2.12/migration/
    class Settings(BaseSettings):

api/schemas/identity.py:28
  /Users/nimrod/Documents/TikTrack/TikTrackAppV2-phoenix/tests/unit/../../api/schemas/identity.py:28: PydanticDeprecatedSince20: Support for class-based `config` is deprecated, use ConfigDict instead. Deprecated in Pydantic V2.0 to be removed in V3.0. See Pydantic V2 Migration Guide at https://errors.pydantic.dev/2.12/migration/
    class LoginRequest(BaseModel):

api/schemas/identity.py:42
  /Users/nimrod/Documents/TikTrack/TikTrackAppV2-phoenix/tests/unit/../../api/schemas/identity.py:42: PydanticDeprecatedSince20: Support for class-based `config` is deprecated, use ConfigDict instead. Deprecated in Pydantic V2.0 to be removed in V3.0. See Pydantic V2 Migration Guide at https://errors.pydantic.dev/2.12/migration/
    class LoginResponse(BaseModel):

api/schemas/identity.py:75
  /Users/nimrod/Documents/TikTrack/TikTrackAppV2-phoenix/tests/unit/../../api/schemas/identity.py:75: PydanticDeprecatedSince20: Pydantic V1 style `@validator` validators are deprecated. You should migrate to Pydantic V2 style `@field_validator` validators, see the migration guide for more details. Deprecated in Pydantic V2.0 to be removed in V3.0. See Pydantic V2 Migration Guide at https://errors.pydantic.dev/2.12/migration/
    @validator("phone_number")

api/schemas/identity.py:68
  /Users/nimrod/Documents/TikTrack/TikTrackAppV2-phoenix/tests/unit/../../api/schemas/identity.py:68: PydanticDeprecatedSince20: Support for class-based `config` is deprecated, use ConfigDict instead. Deprecated in Pydantic V2.0 to be removed in V3.0. See Pydantic V2 Migration Guide at https://errors.pydantic.dev/2.12/migration/
    class RegisterRequest(BaseModel):

api/schemas/identity.py:95
  /Users/nimrod/Documents/TikTrack/TikTrackAppV2-phoenix/tests/unit/../../api/schemas/identity.py:95: PydanticDeprecatedSince20: Support for class-based `config` is deprecated, use ConfigDict instead. Deprecated in Pydantic V2.0 to be removed in V3.0. See Pydantic V2 Migration Guide at https://errors.pydantic.dev/2.12/migration/
    class RegisterResponse(BaseModel):

api/schemas/identity.py:131
  /Users/nimrod/Documents/TikTrack/TikTrackAppV2-phoenix/tests/unit/../../api/schemas/identity.py:131: PydanticDeprecatedSince20: Pydantic V1 style `@validator` validators are deprecated. You should migrate to Pydantic V2 style `@field_validator` validators, see the migration guide for more details. Deprecated in Pydantic V2.0 to be removed in V3.0. See Pydantic V2 Migration Guide at https://errors.pydantic.dev/2.12/migration/
    @validator("email", "phone_number")

api/schemas/identity.py:125
  /Users/nimrod/Documents/TikTrack/TikTrackAppV2-phoenix/tests/unit/../../api/schemas/identity.py:125: PydanticDeprecatedSince20: Support for class-based `config` is deprecated, use ConfigDict instead. Deprecated in Pydantic V2.0 to be removed in V3.0. See Pydantic V2 Migration Guide at https://errors.pydantic.dev/2.12/migration/
    class PasswordResetRequest(BaseModel):

api/schemas/identity.py:150
  /Users/nimrod/Documents/TikTrack/TikTrackAppV2-phoenix/tests/unit/../../api/schemas/identity.py:150: PydanticDeprecatedSince20: Support for class-based `config` is deprecated, use ConfigDict instead. Deprecated in Pydantic V2.0 to be removed in V3.0. See Pydantic V2 Migration Guide at https://errors.pydantic.dev/2.12/migration/
    class PasswordResetVerify(BaseModel):

api/schemas/identity.py:170
  /Users/nimrod/Documents/TikTrack/TikTrackAppV2-phoenix/tests/unit/../../api/schemas/identity.py:170: PydanticDeprecatedSince20: Support for class-based `config` is deprecated, use ConfigDict instead. Deprecated in Pydantic V2.0 to be removed in V3.0. See Pydantic V2 Migration Guide at https://errors.pydantic.dev/2.12/migration/
    class UserResponse(BaseModel):

api/schemas/identity.py:240
  /Users/nimrod/Documents/TikTrack/TikTrackAppV2-phoenix/tests/unit/../../api/schemas/identity.py:240: PydanticDeprecatedSince20: Pydantic V1 style `@validator` validators are deprecated. You should migrate to Pydantic V2 style `@field_validator` validators, see the migration guide for more details. Deprecated in Pydantic V2.0 to be removed in V3.0. See Pydantic V2 Migration Guide at https://errors.pydantic.dev/2.12/migration/
    @validator("phone_number")

api/schemas/identity.py:231
  /Users/nimrod/Documents/TikTrack/TikTrackAppV2-phoenix/tests/unit/../../api/schemas/identity.py:231: PydanticDeprecatedSince20: Support for class-based `config` is deprecated, use ConfigDict instead. Deprecated in Pydantic V2.0 to be removed in V3.0. See Pydantic V2 Migration Guide at https://errors.pydantic.dev/2.12/migration/
    class UserUpdate(BaseModel):

api/schemas/identity.py:265
  /Users/nimrod/Documents/TikTrack/TikTrackAppV2-phoenix/tests/unit/../../api/schemas/identity.py:265: PydanticDeprecatedSince20: Pydantic V1 style `@validator` validators are deprecated. You should migrate to Pydantic V2 style `@field_validator` validators, see the migration guide for more details. Deprecated in Pydantic V2.0 to be removed in V3.0. See Pydantic V2 Migration Guide at https://errors.pydantic.dev/2.12/migration/
    @validator("new_password")

api/schemas/identity.py:260
  /Users/nimrod/Documents/TikTrack/TikTrackAppV2-phoenix/tests/unit/../../api/schemas/identity.py:260: PydanticDeprecatedSince20: Support for class-based `config` is deprecated, use ConfigDict instead. Deprecated in Pydantic V2.0 to be removed in V3.0. See Pydantic V2 Migration Guide at https://errors.pydantic.dev/2.12/migration/
    class PasswordChangeRequest(BaseModel):

api/schemas/identity.py:281
  /Users/nimrod/Documents/TikTrack/TikTrackAppV2-phoenix/tests/unit/../../api/schemas/identity.py:281: PydanticDeprecatedSince20: Support for class-based `config` is deprecated, use ConfigDict instead. Deprecated in Pydantic V2.0 to be removed in V3.0. See Pydantic V2 Migration Guide at https://errors.pydantic.dev/2.12/migration/
    class PasswordChangeResponse(BaseModel):

api/schemas/identity.py:297
  /Users/nimrod/Documents/TikTrack/TikTrackAppV2-phoenix/tests/unit/../../api/schemas/identity.py:297: PydanticDeprecatedSince20: Support for class-based `config` is deprecated, use ConfigDict instead. Deprecated in Pydantic V2.0 to be removed in V3.0. See Pydantic V2 Migration Guide at https://errors.pydantic.dev/2.12/migration/
    class UserApiKeyCreate(BaseModel):

api/schemas/identity.py:317
  /Users/nimrod/Documents/TikTrack/TikTrackAppV2-phoenix/tests/unit/../../api/schemas/identity.py:317: PydanticDeprecatedSince20: Support for class-based `config` is deprecated, use ConfigDict instead. Deprecated in Pydantic V2.0 to be removed in V3.0. See Pydantic V2 Migration Guide at https://errors.pydantic.dev/2.12/migration/
    class UserApiKeyResponse(BaseModel):

api/schemas/identity.py:369
  /Users/nimrod/Documents/TikTrack/TikTrackAppV2-phoenix/tests/unit/../../api/schemas/identity.py:369: PydanticDeprecatedSince20: Support for class-based `config` is deprecated, use ConfigDict instead. Deprecated in Pydantic V2.0 to be removed in V3.0. See Pydantic V2 Migration Guide at https://errors.pydantic.dev/2.12/migration/
    class JWTToken(BaseModel):

api/schemas/identity.py:385
  /Users/nimrod/Documents/TikTrack/TikTrackAppV2-phoenix/tests/unit/../../api/schemas/identity.py:385: PydanticDeprecatedSince20: Support for class-based `config` is deprecated, use ConfigDict instead. Deprecated in Pydantic V2.0 to be removed in V3.0. See Pydantic V2 Migration Guide at https://errors.pydantic.dev/2.12/migration/
    class RefreshResponse(BaseModel):

api/schemas/trading_accounts.py:24
  /Users/nimrod/Documents/TikTrack/TikTrackAppV2-phoenix/tests/unit/../../api/schemas/trading_accounts.py:24: PydanticDeprecatedSince20: Support for class-based `config` is deprecated, use ConfigDict instead. Deprecated in Pydantic V2.0 to be removed in V3.0. See Pydantic V2 Migration Guide at https://errors.pydantic.dev/2.12/migration/
    class TradingAccountResponse(BaseModel):

api/schemas/trading_accounts.py:59
  /Users/nimrod/Documents/TikTrack/TikTrackAppV2-phoenix/tests/unit/../../api/schemas/trading_accounts.py:59: PydanticDeprecatedSince20: Support for class-based `config` is deprecated, use ConfigDict instead. Deprecated in Pydantic V2.0 to be removed in V3.0. See Pydantic V2 Migration Guide at https://errors.pydantic.dev/2.12/migration/
    class TradingAccountSummaryResponse(BaseModel):

api/schemas/trading_accounts.py:83
  /Users/nimrod/Documents/TikTrack/TikTrackAppV2-phoenix/tests/unit/../../api/schemas/trading_accounts.py:83: PydanticDeprecatedSince20: Support for class-based `config` is deprecated, use ConfigDict instead. Deprecated in Pydantic V2.0 to be removed in V3.0. See Pydantic V2 Migration Guide at https://errors.pydantic.dev/2.12/migration/
    class TradingAccountListResponse(BaseModel):

api/schemas/trading_accounts.py:112
  /Users/nimrod/Documents/TikTrack/TikTrackAppV2-phoenix/tests/unit/../../api/schemas/trading_accounts.py:112: PydanticDeprecatedSince20: Support for class-based `config` is deprecated, use ConfigDict instead. Deprecated in Pydantic V2.0 to be removed in V3.0. See Pydantic V2 Migration Guide at https://errors.pydantic.dev/2.12/migration/
    class TradingAccountCreateRequest(BaseModel):

api/schemas/trading_accounts.py:141
  /Users/nimrod/Documents/TikTrack/TikTrackAppV2-phoenix/tests/unit/../../api/schemas/trading_accounts.py:141: PydanticDeprecatedSince20: Support for class-based `config` is deprecated, use ConfigDict instead. Deprecated in Pydantic V2.0 to be removed in V3.0. See Pydantic V2 Migration Guide at https://errors.pydantic.dev/2.12/migration/
    class TradingAccountUpdateRequest(BaseModel):

api/schemas/cash_flows.py:16
  /Users/nimrod/Documents/TikTrack/TikTrackAppV2-phoenix/tests/unit/../../api/schemas/cash_flows.py:16: PydanticDeprecatedSince20: Support for class-based `config` is deprecated, use ConfigDict instead. Deprecated in Pydantic V2.0 to be removed in V3.0. See Pydantic V2 Migration Guide at https://errors.pydantic.dev/2.12/migration/
    class CashFlowResponse(BaseModel):

api/schemas/cash_flows.py:46
  /Users/nimrod/Documents/TikTrack/TikTrackAppV2-phoenix/tests/unit/../../api/schemas/cash_flows.py:46: PydanticDeprecatedSince20: Support for class-based `config` is deprecated, use ConfigDict instead. Deprecated in Pydantic V2.0 to be removed in V3.0. See Pydantic V2 Migration Guide at https://errors.pydantic.dev/2.12/migration/
    class CashFlowSummaryResponse(BaseModel):

api/schemas/cash_flows.py:62
  /Users/nimrod/Documents/TikTrack/TikTrackAppV2-phoenix/tests/unit/../../api/schemas/cash_flows.py:62: PydanticDeprecatedSince20: Support for class-based `config` is deprecated, use ConfigDict instead. Deprecated in Pydantic V2.0 to be removed in V3.0. See Pydantic V2 Migration Guide at https://errors.pydantic.dev/2.12/migration/
    class CashFlowCreateRequest(BaseModel):

api/schemas/cash_flows.py:91
  /Users/nimrod/Documents/TikTrack/TikTrackAppV2-phoenix/tests/unit/../../api/schemas/cash_flows.py:91: PydanticDeprecatedSince20: Support for class-based `config` is deprecated, use ConfigDict instead. Deprecated in Pydantic V2.0 to be removed in V3.0. See Pydantic V2 Migration Guide at https://errors.pydantic.dev/2.12/migration/
    class CashFlowUpdateRequest(BaseModel):

api/schemas/cash_flows.py:114
  /Users/nimrod/Documents/TikTrack/TikTrackAppV2-phoenix/tests/unit/../../api/schemas/cash_flows.py:114: PydanticDeprecatedSince20: Support for class-based `config` is deprecated, use ConfigDict instead. Deprecated in Pydantic V2.0 to be removed in V3.0. See Pydantic V2 Migration Guide at https://errors.pydantic.dev/2.12/migration/
    class CurrencyConversionResponse(BaseModel):

api/schemas/cash_flows.py:140
  /Users/nimrod/Documents/TikTrack/TikTrackAppV2-phoenix/tests/unit/../../api/schemas/cash_flows.py:140: PydanticDeprecatedSince20: Support for class-based `config` is deprecated, use ConfigDict instead. Deprecated in Pydantic V2.0 to be removed in V3.0. See Pydantic V2 Migration Guide at https://errors.pydantic.dev/2.12/migration/
    class CurrencyConversionListResponse(BaseModel):

api/schemas/cash_flows.py:165
  /Users/nimrod/Documents/TikTrack/TikTrackAppV2-phoenix/tests/unit/../../api/schemas/cash_flows.py:165: PydanticDeprecatedSince20: Support for class-based `config` is deprecated, use ConfigDict instead. Deprecated in Pydantic V2.0 to be removed in V3.0. See Pydantic V2 Migration Guide at https://errors.pydantic.dev/2.12/migration/
    class CashFlowListResponse(BaseModel):

api/schemas/positions.py:17
  /Users/nimrod/Documents/TikTrack/TikTrackAppV2-phoenix/tests/unit/../../api/schemas/positions.py:17: PydanticDeprecatedSince20: Support for class-based `config` is deprecated, use ConfigDict instead. Deprecated in Pydantic V2.0 to be removed in V3.0. See Pydantic V2 Migration Guide at https://errors.pydantic.dev/2.12/migration/
    class PositionResponse(BaseModel):

api/schemas/positions.py:56
  /Users/nimrod/Documents/TikTrack/TikTrackAppV2-phoenix/tests/unit/../../api/schemas/positions.py:56: PydanticDeprecatedSince20: Support for class-based `config` is deprecated, use ConfigDict instead. Deprecated in Pydantic V2.0 to be removed in V3.0. See Pydantic V2 Migration Guide at https://errors.pydantic.dev/2.12/migration/
    class PositionListResponse(BaseModel):

-- Docs: https://docs.pytest.org/en/stable/how-to/capture-warnings.html
=========================== short test summary info ============================
FAILED tests/unit/test_d33_parallel_create.py::test_parallel_create_same_symbol_no_duplicate_tickers - RuntimeError: Task <Task pending name='Task-2' coro=<test_parallel_create_same_symbol_no_duplicate_tickers() running at /Users/nimrod/Documents/TikTrack/TikTrackAppV2-phoenix/tests/unit/test_d33_parallel_create.py:109> cb=[_run_until_complete_cb() at /Library/Developer/CommandLineTools/Library/Frameworks/Python3.framework/Versions/3.9/lib/python3.9/asyncio/base_events.py:184]> got Future <Future pending cb=[BaseProtocol._on_waiter_completed()]> attached to a different loop
=================== 1 failed, 1 passed, 33 warnings in 0.70s ===================
